<?xml version="1.0" encoding="UTF-8"?>
<testsuite name="kr.co.test.contstraint.service.OrderInfoDtoServiceTest" tests="1" skipped="0" failures="0" errors="0" timestamp="2021-09-19T01:12:37" hostname="AL01590445.local" time="0.255">
  <properties/>
  <testcase name="test1()" classname="kr.co.test.contstraint.service.OrderInfoDtoServiceTest" time="0.255"/>
  <system-out><![CDATA[10:12:27.897 [Test worker] DEBUG org.springframework.test.context.BootstrapUtils - Instantiating CacheAwareContextLoaderDelegate from class [org.springframework.test.context.cache.DefaultCacheAwareContextLoaderDelegate]
10:12:27.906 [Test worker] DEBUG org.springframework.test.context.BootstrapUtils - Instantiating BootstrapContext using constructor [public org.springframework.test.context.support.DefaultBootstrapContext(java.lang.Class,org.springframework.test.context.CacheAwareContextLoaderDelegate)]
10:12:27.932 [Test worker] DEBUG org.springframework.test.context.BootstrapUtils - Instantiating TestContextBootstrapper for test class [kr.co.test.contstraint.service.OrderInfoDtoServiceTest] from class [org.springframework.boot.test.context.SpringBootTestContextBootstrapper]
10:12:27.940 [Test worker] INFO org.springframework.boot.test.context.SpringBootTestContextBootstrapper - Neither @ContextConfiguration nor @ContextHierarchy found for test class [kr.co.test.contstraint.service.OrderInfoDtoServiceTest], using SpringBootContextLoader
10:12:27.943 [Test worker] DEBUG org.springframework.test.context.support.AbstractContextLoader - Did not detect default resource location for test class [kr.co.test.contstraint.service.OrderInfoDtoServiceTest]: class path resource [kr/co/test/contstraint/service/OrderInfoDtoServiceTest-context.xml] does not exist
10:12:27.943 [Test worker] DEBUG org.springframework.test.context.support.AbstractContextLoader - Did not detect default resource location for test class [kr.co.test.contstraint.service.OrderInfoDtoServiceTest]: class path resource [kr/co/test/contstraint/service/OrderInfoDtoServiceTestContext.groovy] does not exist
10:12:27.944 [Test worker] INFO org.springframework.test.context.support.AbstractContextLoader - Could not detect default resource locations for test class [kr.co.test.contstraint.service.OrderInfoDtoServiceTest]: no resource found for suffixes {-context.xml, Context.groovy}.
10:12:27.944 [Test worker] INFO org.springframework.test.context.support.AnnotationConfigContextLoaderUtils - Could not detect default configuration classes for test class [kr.co.test.contstraint.service.OrderInfoDtoServiceTest]: OrderInfoDtoServiceTest does not declare any static, non-private, non-final, nested classes annotated with @Configuration.
10:12:28.022 [Test worker] DEBUG org.springframework.context.annotation.ClassPathScanningCandidateComponentProvider - Identified candidate component class: file [/Users/nhn/Study/test-study/contraint-test/build/classes/java/main/kr/co/test/contstraint/Application.class]
10:12:28.023 [Test worker] INFO org.springframework.boot.test.context.SpringBootTestContextBootstrapper - Found @SpringBootConfiguration kr.co.test.contstraint.Application for test class kr.co.test.contstraint.service.OrderInfoDtoServiceTest
10:12:28.089 [Test worker] DEBUG org.springframework.boot.test.context.SpringBootTestContextBootstrapper - @TestExecutionListeners is not present for class [kr.co.test.contstraint.service.OrderInfoDtoServiceTest]: using defaults.
10:12:28.089 [Test worker] INFO org.springframework.boot.test.context.SpringBootTestContextBootstrapper - Loaded default TestExecutionListener class names from location [META-INF/spring.factories]: [org.springframework.boot.test.autoconfigure.restdocs.RestDocsTestExecutionListener, org.springframework.boot.test.autoconfigure.web.client.MockRestServiceServerResetTestExecutionListener, org.springframework.boot.test.autoconfigure.web.servlet.MockMvcPrintOnlyOnFailureTestExecutionListener, org.springframework.boot.test.autoconfigure.web.servlet.WebDriverTestExecutionListener, org.springframework.boot.test.autoconfigure.webservices.client.MockWebServiceServerTestExecutionListener, org.springframework.boot.test.mock.mockito.MockitoTestExecutionListener, org.springframework.boot.test.mock.mockito.ResetMocksTestExecutionListener, org.springframework.test.context.web.ServletTestExecutionListener, org.springframework.test.context.support.DirtiesContextBeforeModesTestExecutionListener, org.springframework.test.context.event.ApplicationEventsTestExecutionListener, org.springframework.test.context.support.DependencyInjectionTestExecutionListener, org.springframework.test.context.support.DirtiesContextTestExecutionListener, org.springframework.test.context.transaction.TransactionalTestExecutionListener, org.springframework.test.context.jdbc.SqlScriptsTestExecutionListener, org.springframework.test.context.event.EventPublishingTestExecutionListener]
10:12:28.101 [Test worker] INFO org.springframework.boot.test.context.SpringBootTestContextBootstrapper - Using TestExecutionListeners: [org.springframework.test.context.web.ServletTestExecutionListener@d8db5c1, org.springframework.test.context.support.DirtiesContextBeforeModesTestExecutionListener@24a4e18c, org.springframework.test.context.event.ApplicationEventsTestExecutionListener@421bd927, org.springframework.boot.test.mock.mockito.MockitoTestExecutionListener@73a3c7c5, org.springframework.boot.test.autoconfigure.SpringBootDependencyInjectionTestExecutionListener@13e047cd, org.springframework.test.context.support.DirtiesContextTestExecutionListener@104b7cbc, org.springframework.test.context.transaction.TransactionalTestExecutionListener@c855d73, org.springframework.test.context.jdbc.SqlScriptsTestExecutionListener@61f53ec9, org.springframework.test.context.event.EventPublishingTestExecutionListener@70bac315, org.springframework.boot.test.autoconfigure.restdocs.RestDocsTestExecutionListener@3bdfef22, org.springframework.boot.test.autoconfigure.web.client.MockRestServiceServerResetTestExecutionListener@1d1743ef, org.springframework.boot.test.autoconfigure.web.servlet.MockMvcPrintOnlyOnFailureTestExecutionListener@55dc25f2, org.springframework.boot.test.autoconfigure.web.servlet.WebDriverTestExecutionListener@7358e637, org.springframework.boot.test.autoconfigure.webservices.client.MockWebServiceServerTestExecutionListener@373ab181, org.springframework.boot.test.mock.mockito.ResetMocksTestExecutionListener@101594b2]
10:12:28.103 [Test worker] DEBUG org.springframework.test.context.support.AbstractDirtiesContextTestExecutionListener - Before test class: context [DefaultTestContext@252e3bb7 testClass = OrderInfoDtoServiceTest, testInstance = [null], testMethod = [null], testException = [null], mergedContextConfiguration = [WebMergedContextConfiguration@312515dc testClass = OrderInfoDtoServiceTest, locations = '{}', classes = '{class kr.co.test.contstraint.Application}', contextInitializerClasses = '[]', activeProfiles = '{test}', propertySourceLocations = '{}', propertySourceProperties = '{org.springframework.boot.test.context.SpringBootTestContextBootstrapper=true}', contextCustomizers = set[org.springframework.boot.test.autoconfigure.actuate.metrics.MetricsExportContextCustomizerFactory$DisableMetricExportContextCustomizer@2a8404af, org.springframework.boot.test.autoconfigure.properties.PropertyMappingContextCustomizer@0, org.springframework.boot.test.autoconfigure.web.servlet.WebDriverContextCustomizerFactory$Customizer@42d7fe72, org.springframework.boot.test.context.filter.ExcludeFilterContextCustomizer@7d6de834, org.springframework.boot.test.json.DuplicateJsonObjectContextCustomizerFactory$DuplicateJsonObjectContextCustomizer@40ea836f, org.springframework.boot.test.mock.mockito.MockitoContextCustomizer@0, org.springframework.boot.test.web.client.TestRestTemplateContextCustomizer@7a6bb168, org.springframework.boot.test.context.SpringBootTestArgs@1, org.springframework.boot.test.context.SpringBootTestWebEnvironment@5c596fb1], resourceBasePath = 'src/main/webapp', contextLoader = 'org.springframework.boot.test.context.SpringBootContextLoader', parent = [null]], attributes = map['org.springframework.test.context.web.ServletTestExecutionListener.activateListener' -> true]], class annotated with @DirtiesContext [false] with mode [null].
10:12:28.122 [Test worker] INFO com.wix.mysql.EmbeddedMysql - Preparing EmbeddedMysql version 'Version 8.0.17'...
10:12:28.293 [Test worker] INFO com.wix.mysql.MysqldExecutable - Preparing mysqld for startup
10:12:31.066 [Thread-5] DEBUG com.wix.mysql.MysqldProcess - 2021-09-19T01:12:30.095402Z 0 [System] [MY-013169] [Server] /Users/nhn/Study/test-study/contraint-test/target/mysql-8.0-6abb4680-dadd-4bb8-9902-32d901c2b0cc/bin/mysqld (mysqld 8.0.17) initializing of server in progress as process 1442
10:12:31.067 [Thread-5] DEBUG com.wix.mysql.MysqldProcess - 2021-09-19T01:12:30.097421Z 0 [Warning] [MY-010159] [Server] Setting lower_case_table_names=2 because file system for /Users/nhn/Study/test-study/contraint-test/target/mysql-8.0-6abb4680-dadd-4bb8-9902-32d901c2b0cc/data/ is case insensitive
10:12:31.067 [Thread-5] DEBUG com.wix.mysql.MysqldProcess - 2021-09-19T01:12:31.066537Z 4 [Warning] [MY-010453] [Server] root@localhost is created with an empty password ! Please consider switching off the --initialize-insecure option.
10:12:31.637 [Thread-5] DEBUG com.wix.mysql.MysqldProcess - 2021-09-19T01:12:31.637522Z 0 [System] [MY-013170] [Server] /Users/nhn/Study/test-study/contraint-test/target/mysql-8.0-6abb4680-dadd-4bb8-9902-32d901c2b0cc/bin/mysqld (mysqld 8.0.17) initializing of server has completed
10:12:32.514 [Test worker] INFO com.wix.mysql.MysqldExecutable - Starting MysqldProcess
10:12:33.003 [Thread-7] DEBUG com.wix.mysql.MysqldProcess - 2021-09-19T01:12:32.774873Z 0 [Warning] [MY-010915] [Server] 'NO_ZERO_DATE', 'NO_ZERO_IN_DATE' and 'ERROR_FOR_DIVISION_BY_ZERO' sql modes should be used with strict mode. They will be merged with strict mode in a future release.
10:12:33.003 [Thread-7] DEBUG com.wix.mysql.MysqldProcess - 2021-09-19T01:12:32.775006Z 0 [System] [MY-010116] [Server] /Users/nhn/Study/test-study/contraint-test/target/mysql-8.0-6abb4680-dadd-4bb8-9902-32d901c2b0cc/bin/mysqld (mysqld 8.0.17) starting as process 1449
10:12:33.003 [Thread-7] DEBUG com.wix.mysql.MysqldProcess - 2021-09-19T01:12:32.777304Z 0 [Warning] [MY-010159] [Server] Setting lower_case_table_names=2 because file system for /Users/nhn/Study/test-study/contraint-test/target/mysql-8.0-6abb4680-dadd-4bb8-9902-32d901c2b0cc/data/ is case insensitive
10:12:33.003 [Thread-7] DEBUG com.wix.mysql.MysqldProcess - 2021-09-19T01:12:32.990270Z 0 [Warning] [MY-010068] [Server] CA certificate ca.pem is self signed.
10:12:33.004 [Thread-7] DEBUG com.wix.mysql.MysqldProcess - 2021-09-19T01:12:33.003608Z 0 [System] [MY-010931] [Server] /Users/nhn/Study/test-study/contraint-test/target/mysql-8.0-6abb4680-dadd-4bb8-9902-32d901c2b0cc/bin/mysqld: ready for connections. Version: '8.0.17'  socket: '/var/folders/pg/f_7c87sd3y11pshn7rv2y9wm0000gn/T/3128154860668200239.sock'  port: 13306  MySQL Community Server - GPL.
10:12:33.003 [Test worker] INFO de.flapdoodle.embed.process.runtime.Executable - start com.wix.mysql.config.MysqldConfig@1f29e296[charset=Charset{charset='utf8mb4', collate='utf8mb4_bin'},port=13306,serverVariables=[com.wix.mysql.config.MysqldConfig$ServerVariable@45d7c09e[name=sql_mode,value=ONLY_FULL_GROUP_BY,STRICT_TRANS_TABLES,NO_ENGINE_SUBSTITUTION], com.wix.mysql.config.MysqldConfig$ServerVariable@44de3158[name=max_connect_errors,value=666]],tempDir=target/,timeZone=sun.util.calendar.ZoneInfo[id="Asia/Seoul",offset=32400000,dstSavings=0,useDaylight=false,transitions=30,lastRule=null],timeout=com.wix.mysql.config.MysqldConfig$Timeout@44c82f95[length=30,unit=SECONDS],user=com.wix.mysql.config.MysqldConfig$User@2ba107b2[name=test],_supportConfig=com.wix.mysql.config.MysqldConfig$1@46b12b65,version=Version 8.0.17]
10:12:33.440 [Test worker] INFO org.flywaydb.core.internal.license.VersionPrinter - Flyway Community Edition 6.4.4 by Redgate
10:12:33.442 [Test worker] DEBUG org.flywaydb.core.internal.scanner.classpath.ClassPathScanner - Scanning for classpath resources at 'classpath:db/migration' ...
10:12:33.442 [Test worker] DEBUG org.flywaydb.core.internal.scanner.classpath.ClassPathScanner - Determining location urls for classpath:db/migration using ClassLoader jdk.internal.loader.ClassLoaders$AppClassLoader@277050dc ...
10:12:33.443 [Test worker] DEBUG org.flywaydb.core.internal.scanner.classpath.ClassPathScanner - Scanning URL: file:/Users/nhn/Study/test-study/contraint-test/build/resources/main/db/migration
10:12:33.443 [Test worker] DEBUG org.flywaydb.core.internal.util.FeatureDetector - JBoss VFS v2 available: false
10:12:33.444 [Test worker] DEBUG org.flywaydb.core.internal.scanner.classpath.FileSystemClassPathLocationScanner - Scanning starting at classpath root in filesystem: /Users/nhn/Study/test-study/contraint-test/build/resources/main/
10:12:33.444 [Test worker] DEBUG org.flywaydb.core.internal.scanner.classpath.FileSystemClassPathLocationScanner - Scanning for resources in path: /Users/nhn/Study/test-study/contraint-test/build/resources/main/db/migration (db/migration)
10:12:33.445 [Test worker] DEBUG org.flywaydb.core.internal.scanner.classpath.ClassPathScanner - Found resource: db/migration/V1__create_all_table.sql
10:12:33.445 [Test worker] DEBUG org.flywaydb.core.internal.scanner.classpath.ClassPathScanner - Scanning for classes at classpath:db/migration
10:12:33.736 [Test worker] INFO org.flywaydb.core.internal.database.DatabaseFactory - Database: jdbc:mysql://127.0.0.1:13306/test (MySQL 8.0)
10:12:33.736 [Test worker] DEBUG org.flywaydb.core.internal.database.DatabaseFactory - Driver  : MySQL Connector/J mysql-connector-java-8.0.25 (Revision: 08be9e9b4cba6aa115f9b27b215887af40b159e0)
10:12:33.741 [Test worker] DEBUG org.flywaydb.core.Flyway - DDL Transactions Supported: false
10:12:33.741 [Test worker] DEBUG org.flywaydb.core.Flyway - Schemas: 
10:12:33.741 [Test worker] DEBUG org.flywaydb.core.Flyway - Default schema: null
10:12:33.749 [Test worker] DEBUG org.flywaydb.core.internal.database.mysql.MySQLConnection - Disabled user variable reset as performance_schema.user_variables_by_threadcannot be queried (SQL State: 42000, Error Code: 1142)
10:12:33.755 [Test worker] DEBUG org.flywaydb.core.internal.callback.SqlScriptCallbackFactory - Scanning for SQL callbacks ...
10:12:33.762 [Test worker] DEBUG org.flywaydb.core.internal.command.DbValidate - Validating migrations ...
10:12:33.771 [Test worker] DEBUG org.flywaydb.core.internal.scanner.Scanner - Filtering out resource: db/migration/V1__create_all_table.sql (filename: V1__create_all_table.sql)
10:12:33.777 [Test worker] INFO org.flywaydb.core.internal.command.DbValidate - Successfully validated 1 migration (execution time 00:00.014s)
10:12:33.789 [Test worker] DEBUG org.flywaydb.core.internal.command.DbSchemas - Skipping creation of existing schema: `test`
10:12:33.792 [Test worker] INFO org.flywaydb.core.internal.schemahistory.JdbcTableSchemaHistory - Creating Schema History table `test`.`flyway_schema_history` ...
10:12:33.795 [Test worker] DEBUG org.flywaydb.core.internal.parser.Parser - Parsing  ...
10:12:33.800 [Test worker] DEBUG org.flywaydb.core.internal.sqlscript.ParserSqlScript - Found statement at line 1: CREATE TABLE `test`.`flyway_schema_history` (
    `installed_rank` INT NOT NULL,
    `version` VARCHAR(50),
    `description` VARCHAR(200) NOT NULL,
    `type` VARCHAR(20) NOT NULL,
    `script` VARCHAR(1000) NOT NULL,
    `checksum` INT,
    `installed_by` VARCHAR(100) NOT NULL,
    `installed_on` TIMESTAMP NOT NULL DEFAULT CURRENT_TIMESTAMP,
    `execution_time` INT NOT NULL,
    `success` BOOL NOT NULL,
    CONSTRAINT `flyway_schema_history_pk` PRIMARY KEY (`installed_rank`)
) ENGINE=InnoDB
10:12:33.800 [Test worker] DEBUG org.flywaydb.core.internal.sqlscript.ParserSqlScript - Found statement at line 14: CREATE INDEX `flyway_schema_history_s_idx` ON `test`.`flyway_schema_history` (`success`)
10:12:33.801 [Test worker] DEBUG org.flywaydb.core.internal.sqlscript.DefaultSqlScriptExecutor - Executing SQL: CREATE TABLE `test`.`flyway_schema_history` (
    `installed_rank` INT NOT NULL,
    `version` VARCHAR(50),
    `description` VARCHAR(200) NOT NULL,
    `type` VARCHAR(20) NOT NULL,
    `script` VARCHAR(1000) NOT NULL,
    `checksum` INT,
    `installed_by` VARCHAR(100) NOT NULL,
    `installed_on` TIMESTAMP NOT NULL DEFAULT CURRENT_TIMESTAMP,
    `execution_time` INT NOT NULL,
    `success` BOOL NOT NULL,
    CONSTRAINT `flyway_schema_history_pk` PRIMARY KEY (`installed_rank`)
) ENGINE=InnoDB
10:12:33.810 [Test worker] DEBUG org.flywaydb.core.internal.sqlscript.DefaultSqlScriptExecutor - Update Count: 0
10:12:33.810 [Test worker] DEBUG org.flywaydb.core.internal.sqlscript.DefaultSqlScriptExecutor - Executing SQL: CREATE INDEX `flyway_schema_history_s_idx` ON `test`.`flyway_schema_history` (`success`)
10:12:33.822 [Test worker] DEBUG org.flywaydb.core.internal.sqlscript.DefaultSqlScriptExecutor - Update Count: 0
10:12:33.822 [Test worker] DEBUG org.flywaydb.core.internal.schemahistory.JdbcTableSchemaHistory - Created Schema History table `test`.`flyway_schema_history`
10:12:33.830 [Test worker] INFO org.flywaydb.core.internal.command.DbMigrate - Current version of schema `test`: << Empty Schema >>
10:12:33.831 [Test worker] DEBUG org.flywaydb.core.internal.parser.Parser - Parsing V1__create_all_table.sql ...
10:12:33.832 [Test worker] DEBUG org.flywaydb.core.internal.sqlscript.ParserSqlScript - Found statement at line 1: CREATE TABLE test.category_manager (
                                    `category_manager_id` bigint NOT NULL AUTO_INCREMENT,
                                    `name` varchar(255) NOT NULL,
                                    `phone_number` varchar(255) NOT NULL,
                                    PRIMARY KEY (`category_manager_id`)
)
10:12:33.833 [Test worker] DEBUG org.flywaydb.core.internal.sqlscript.ParserSqlScript - Found statement at line 8: CREATE TABLE test.member (
                          `member_id` bigint NOT NULL AUTO_INCREMENT,
                          `address` varchar(255) NOT NULL,
                          `name` varchar(255) NOT NULL,
                          PRIMARY KEY (`member_id`)
) ENGINE=InnoDB DEFAULT CHARSET=utf8mb4 COLLATE=utf8mb4_0900_ai_ci
10:12:33.834 [Test worker] DEBUG org.flywaydb.core.internal.sqlscript.ParserSqlScript - Found statement at line 15: CREATE TABLE test.product_category (
                                    `product_category_id` bigint NOT NULL AUTO_INCREMENT,
                                    `name` varchar(255) NOT NULL,
                                    `category_manager_id` bigint NOT NULL,
                                    PRIMARY KEY (`product_category_id`),
                                    KEY `fk_pc_cmi` (`category_manager_id`),
                                    CONSTRAINT `fk_pc_cmi` FOREIGN KEY (`category_manager_id`) REFERENCES `category_manager` (`category_manager_id`)
) ENGINE=InnoDB DEFAULT CHARSET=utf8mb4 COLLATE=utf8mb4_0900_ai_ci
10:12:33.836 [Test worker] DEBUG org.flywaydb.core.internal.sqlscript.ParserSqlScript - Found statement at line 26: CREATE TABLE test.product (
                           `product_id` bigint NOT NULL AUTO_INCREMENT,
                           `name` varchar(255) NOT NULL,
                           `price` double NOT NULL,
                           `product_category_id` bigint NOT NULL,
                           PRIMARY KEY (`product_id`),
                           KEY `fk_pd_pci` (`product_category_id`),
                           CONSTRAINT `fk_pd_pci` FOREIGN KEY (`product_category_id`) REFERENCES `product_category` (`product_category_id`)

) ENGINE=InnoDB DEFAULT CHARSET=utf8mb4 COLLATE=utf8mb4_0900_ai_ci
10:12:33.836 [Test worker] DEBUG org.flywaydb.core.internal.sqlscript.ParserSqlScript - Found statement at line 38: CREATE TABLE test.order_info (
                         `order_info_id` bigint NOT NULL AUTO_INCREMENT,
                         `member_id` bigint NOT NUll NULL,
                         `product_id` bigint NOT NUll NULL,
                         `amount` int NOT NULl NULL,
                         `total_order_amount` double NOT NULL,
                         PRIMARY KEY (`order_info_id`),
                         KEY `fk_pd_mi` (`member_id`),
                         CONSTRAINT `fk_pd_mi` FOREIGN KEY (`member_id`) REFERENCES `member` (`member_id`),
                         KEY `fk_pd_pi` (`product_id`),
                         CONSTRAINT `fk_pd_pi` FOREIGN KEY (`product_id`) REFERENCES `product` (`product_id`)

) ENGINE=InnoDB DEFAULT CHARSET=utf8mb4 COLLATE=utf8mb4_0900_ai_ci
10:12:33.838 [Test worker] DEBUG org.flywaydb.core.internal.command.DbMigrate - Starting migration of schema `test` to version 1 - create all table ...
10:12:33.840 [Test worker] INFO org.flywaydb.core.internal.command.DbMigrate - Migrating schema `test` to version 1 - create all table
10:12:33.841 [Test worker] DEBUG org.flywaydb.core.internal.sqlscript.DefaultSqlScriptExecutor - Executing SQL: CREATE TABLE test.category_manager (
                                    `category_manager_id` bigint NOT NULL AUTO_INCREMENT,
                                    `name` varchar(255) NOT NULL,
                                    `phone_number` varchar(255) NOT NULL,
                                    PRIMARY KEY (`category_manager_id`)
)
10:12:33.846 [Test worker] DEBUG org.flywaydb.core.internal.sqlscript.DefaultSqlScriptExecutor - Update Count: 0
10:12:33.846 [Test worker] DEBUG org.flywaydb.core.internal.sqlscript.DefaultSqlScriptExecutor - Executing SQL: CREATE TABLE test.member (
                          `member_id` bigint NOT NULL AUTO_INCREMENT,
                          `address` varchar(255) NOT NULL,
                          `name` varchar(255) NOT NULL,
                          PRIMARY KEY (`member_id`)
) ENGINE=InnoDB DEFAULT CHARSET=utf8mb4 COLLATE=utf8mb4_0900_ai_ci
10:12:33.851 [Test worker] DEBUG org.flywaydb.core.internal.sqlscript.DefaultSqlScriptExecutor - Update Count: 0
10:12:33.852 [Test worker] DEBUG org.flywaydb.core.internal.sqlscript.DefaultSqlScriptExecutor - Executing SQL: CREATE TABLE test.product_category (
                                    `product_category_id` bigint NOT NULL AUTO_INCREMENT,
                                    `name` varchar(255) NOT NULL,
                                    `category_manager_id` bigint NOT NULL,
                                    PRIMARY KEY (`product_category_id`),
                                    KEY `fk_pc_cmi` (`category_manager_id`),
                                    CONSTRAINT `fk_pc_cmi` FOREIGN KEY (`category_manager_id`) REFERENCES `category_manager` (`category_manager_id`)
) ENGINE=InnoDB DEFAULT CHARSET=utf8mb4 COLLATE=utf8mb4_0900_ai_ci
10:12:33.858 [Test worker] DEBUG org.flywaydb.core.internal.sqlscript.DefaultSqlScriptExecutor - Update Count: 0
10:12:33.858 [Test worker] DEBUG org.flywaydb.core.internal.sqlscript.DefaultSqlScriptExecutor - Executing SQL: CREATE TABLE test.product (
                           `product_id` bigint NOT NULL AUTO_INCREMENT,
                           `name` varchar(255) NOT NULL,
                           `price` double NOT NULL,
                           `product_category_id` bigint NOT NULL,
                           PRIMARY KEY (`product_id`),
                           KEY `fk_pd_pci` (`product_category_id`),
                           CONSTRAINT `fk_pd_pci` FOREIGN KEY (`product_category_id`) REFERENCES `product_category` (`product_category_id`)

) ENGINE=InnoDB DEFAULT CHARSET=utf8mb4 COLLATE=utf8mb4_0900_ai_ci
10:12:33.865 [Test worker] DEBUG org.flywaydb.core.internal.sqlscript.DefaultSqlScriptExecutor - Update Count: 0
10:12:33.865 [Test worker] DEBUG org.flywaydb.core.internal.sqlscript.DefaultSqlScriptExecutor - Executing SQL: CREATE TABLE test.order_info (
                         `order_info_id` bigint NOT NULL AUTO_INCREMENT,
                         `member_id` bigint NOT NUll NULL,
                         `product_id` bigint NOT NUll NULL,
                         `amount` int NOT NULl NULL,
                         `total_order_amount` double NOT NULL,
                         PRIMARY KEY (`order_info_id`),
                         KEY `fk_pd_mi` (`member_id`),
                         CONSTRAINT `fk_pd_mi` FOREIGN KEY (`member_id`) REFERENCES `member` (`member_id`),
                         KEY `fk_pd_pi` (`product_id`),
                         CONSTRAINT `fk_pd_pi` FOREIGN KEY (`product_id`) REFERENCES `product` (`product_id`)

) ENGINE=InnoDB DEFAULT CHARSET=utf8mb4 COLLATE=utf8mb4_0900_ai_ci
10:12:33.873 [Test worker] DEBUG org.flywaydb.core.internal.sqlscript.DefaultSqlScriptExecutor - Update Count: 0
10:12:33.873 [Test worker] DEBUG org.flywaydb.core.internal.command.DbMigrate - Successfully completed migration of schema `test` to version 1 - create all table
10:12:33.879 [Test worker] DEBUG org.flywaydb.core.internal.schemahistory.JdbcTableSchemaHistory - Schema History table `test`.`flyway_schema_history` successfully updated to reflect changes
10:12:33.885 [Test worker] INFO org.flywaydb.core.internal.command.DbMigrate - Successfully applied 1 migration to schema `test` (execution time 00:00.058s)
10:12:33.889 [Test worker] DEBUG org.flywaydb.core.Flyway - Memory usage: 43 of 256M
10:12:33.908 [Test worker] DEBUG org.springframework.core.env.StandardEnvironment - Activating profiles [test]
10:12:33.911 [Test worker] DEBUG org.springframework.test.context.support.TestPropertySourceUtils - Adding inlined properties to environment: {spring.jmx.enabled=false, org.springframework.boot.test.context.SpringBootTestContextBootstrapper=true}

  .   ____          _            __ _ _
 /\\ / ___'_ __ _ _(_)_ __  __ _ \ \ \ \
( ( )\___ | '_ | '_| | '_ \/ _` | \ \ \ \
 \\/  ___)| |_)| | | | | || (_| |  ) ) ) )
  '  |____| .__|_| |_|_| |_\__, | / / / /
 =========|_|==============|___/=/_/_/_/
 :: Spring Boot ::                (v2.5.0)

2021-09-19 10:12:34.422  INFO 1438 --- [    Test worker] k.c.t.c.service.OrderInfoDtoServiceTest  : Starting OrderInfoDtoServiceTest using Java 11.0.10 on AL01590445.local with PID 1438 (started by nhn in /Users/nhn/Study/test-study/contraint-test)
2021-09-19 10:12:34.423 DEBUG 1438 --- [    Test worker] k.c.t.c.service.OrderInfoDtoServiceTest  : Running with Spring Boot v2.5.0, Spring v5.3.7
2021-09-19 10:12:34.423  INFO 1438 --- [    Test worker] k.c.t.c.service.OrderInfoDtoServiceTest  : The following profiles are active: test
2021-09-19 10:12:34.423 DEBUG 1438 --- [    Test worker] o.s.boot.SpringApplication               : Loading source class kr.co.test.contstraint.Application
2021-09-19 10:12:34.452 DEBUG 1438 --- [    Test worker] o.s.w.c.s.GenericWebApplicationContext   : Refreshing org.springframework.web.context.support.GenericWebApplicationContext@33b5359c
2021-09-19 10:12:34.471 DEBUG 1438 --- [    Test worker] o.s.b.f.s.DefaultListableBeanFactory     : Creating shared instance of singleton bean 'org.springframework.context.annotation.internalConfigurationAnnotationProcessor'
2021-09-19 10:12:34.485 DEBUG 1438 --- [    Test worker] o.s.b.f.s.DefaultListableBeanFactory     : Creating shared instance of singleton bean 'org.springframework.boot.autoconfigure.internalCachingMetadataReaderFactory'
2021-09-19 10:12:34.523 DEBUG 1438 --- [    Test worker] o.s.c.a.ClassPathBeanDefinitionScanner   : Identified candidate component class: file [/Users/nhn/Study/test-study/contraint-test/build/classes/java/main/kr/co/test/contstraint/service/OrderService.class]
2021-09-19 10:12:34.644 DEBUG 1438 --- [    Test worker] o.s.c.e.PropertySourcesPropertyResolver  : Found key 'server.error.whitelabel.enabled' in PropertySource 'configurationProperties' with value of type Boolean
2021-09-19 10:12:34.664 DEBUG 1438 --- [    Test worker] o.s.c.e.PropertySourcesPropertyResolver  : Found key 'spring.jmx.enabled' in PropertySource 'configurationProperties' with value of type String
2021-09-19 10:12:34.716 DEBUG 1438 --- [    Test worker] o.s.c.e.PropertySourcesPropertyResolver  : Found key 'spring.jmx.enabled' in PropertySource 'configurationProperties' with value of type String
2021-09-19 10:12:34.717 DEBUG 1438 --- [    Test worker] o.s.c.e.PropertySourcesPropertyResolver  : Found key 'spring.datasource.url' in PropertySource 'configurationProperties' with value of type String
2021-09-19 10:12:34.767 DEBUG 1438 --- [    Test worker] o.s.c.e.PropertySourcesPropertyResolver  : Found key 'spring.flyway.enabled' in PropertySource 'configurationProperties' with value of type Boolean
2021-09-19 10:12:34.783 DEBUG 1438 --- [    Test worker] o.s.c.e.PropertySourcesPropertyResolver  : Found key 'server.servlet.encoding.enabled' in PropertySource 'configurationProperties' with value of type Boolean
2021-09-19 10:12:34.923  INFO 1438 --- [    Test worker] .s.d.r.c.RepositoryConfigurationDelegate : Bootstrapping Spring Data JPA repositories in DEFAULT mode.
2021-09-19 10:12:34.929 DEBUG 1438 --- [    Test worker] o.s.b.f.s.DefaultListableBeanFactory     : Creating shared instance of singleton bean 'org.springframework.boot.autoconfigure.AutoConfigurationPackages'
2021-09-19 10:12:34.929 DEBUG 1438 --- [    Test worker] o.s.b.a.AutoConfigurationPackages        : @EnableAutoConfiguration was declared on a class in the package 'kr.co.test.contstraint'. Automatic @Repository and @Entity scanning is enabled.
2021-09-19 10:12:34.930 DEBUG 1438 --- [    Test worker] .s.d.r.c.RepositoryConfigurationDelegate : Scanning for JPA repositories in packages kr.co.test.contstraint.
2021-09-19 10:12:34.938 DEBUG 1438 --- [    Test worker] o.s.d.r.c.RepositoryComponentProvider    : Identified candidate component class: file [/Users/nhn/Study/test-study/contraint-test/build/classes/java/main/kr/co/test/contstraint/repository/CategoryManagerRepository.class]
2021-09-19 10:12:34.938 DEBUG 1438 --- [    Test worker] o.s.d.r.c.RepositoryComponentProvider    : Identified candidate component class: file [/Users/nhn/Study/test-study/contraint-test/build/classes/java/main/kr/co/test/contstraint/repository/MemberRepository.class]
2021-09-19 10:12:34.938 DEBUG 1438 --- [    Test worker] o.s.d.r.c.RepositoryComponentProvider    : Identified candidate component class: file [/Users/nhn/Study/test-study/contraint-test/build/classes/java/main/kr/co/test/contstraint/repository/OrderRepository.class]
2021-09-19 10:12:34.938 DEBUG 1438 --- [    Test worker] o.s.d.r.c.RepositoryComponentProvider    : Identified candidate component class: file [/Users/nhn/Study/test-study/contraint-test/build/classes/java/main/kr/co/test/contstraint/repository/ProductCategoryRepository.class]
2021-09-19 10:12:34.938 DEBUG 1438 --- [    Test worker] o.s.d.r.c.RepositoryComponentProvider    : Identified candidate component class: file [/Users/nhn/Study/test-study/contraint-test/build/classes/java/main/kr/co/test/contstraint/repository/ProductRepository.class]
2021-09-19 10:12:34.975  INFO 1438 --- [    Test worker] .s.d.r.c.RepositoryConfigurationDelegate : Finished Spring Data repository scanning in 44 ms. Found 5 JPA repository interfaces.
2021-09-19 10:12:34.991 DEBUG 1438 --- [    Test worker] o.s.c.e.PropertySourcesPropertyResolver  : Found key 'spring.flyway.enabled' in PropertySource 'configurationProperties' with value of type Boolean
2021-09-19 10:12:35.021 DEBUG 1438 --- [    Test worker] o.s.c.e.PropertySourcesPropertyResolver  : Found key 'server.servlet.encoding.enabled' in PropertySource 'configurationProperties' with value of type Boolean
2021-09-19 10:12:35.087 DEBUG 1438 --- [    Test worker] o.s.b.f.s.DefaultListableBeanFactory     : Creating shared instance of singleton bean 'propertySourcesPlaceholderConfigurer'
2021-09-19 10:12:35.092 DEBUG 1438 --- [    Test worker] o.s.b.f.s.DefaultListableBeanFactory     : Creating shared instance of singleton bean 'org.springframework.boot.test.mock.mockito.MockitoPostProcessor'
2021-09-19 10:12:35.096 DEBUG 1438 --- [    Test worker] o.s.b.f.s.DefaultListableBeanFactory     : Creating shared instance of singleton bean 'emBeanDefinitionRegistrarPostProcessor'
2021-09-19 10:12:35.115 DEBUG 1438 --- [    Test worker] o.s.b.f.s.DefaultListableBeanFactory     : Creating shared instance of singleton bean 'org.springframework.context.event.internalEventListenerProcessor'
2021-09-19 10:12:35.116 DEBUG 1438 --- [    Test worker] o.s.b.f.s.DefaultListableBeanFactory     : Creating shared instance of singleton bean 'preserveErrorControllerTargetClassPostProcessor'
2021-09-19 10:12:35.117 DEBUG 1438 --- [    Test worker] o.s.b.f.s.DefaultListableBeanFactory     : Creating shared instance of singleton bean 'org.springframework.boot.sql.init.dependency.DatabaseInitializationDependencyConfigurer$DependsOnDatabaseInitializationPostProcessor'
2021-09-19 10:12:35.118 DEBUG 1438 --- [    Test worker] o.s.b.f.s.DefaultListableBeanFactory     : Creating shared instance of singleton bean 'org.springframework.context.event.internalEventListenerFactory'
2021-09-19 10:12:35.118 DEBUG 1438 --- [    Test worker] o.s.b.f.s.DefaultListableBeanFactory     : Creating shared instance of singleton bean 'org.springframework.transaction.config.internalTransactionalEventListenerFactory'
2021-09-19 10:12:35.145 DEBUG 1438 --- [    Test worker] o.s.b.f.s.DefaultListableBeanFactory     : Creating shared instance of singleton bean 'org.springframework.boot.test.mock.mockito.MockitoPostProcessor$SpyPostProcessor'
2021-09-19 10:12:35.147 DEBUG 1438 --- [    Test worker] o.s.b.f.s.DefaultListableBeanFactory     : Creating shared instance of singleton bean 'org.springframework.context.annotation.internalAutowiredAnnotationProcessor'
2021-09-19 10:12:35.150 DEBUG 1438 --- [    Test worker] o.s.b.f.s.DefaultListableBeanFactory     : Creating shared instance of singleton bean 'org.springframework.context.annotation.internalCommonAnnotationProcessor'
2021-09-19 10:12:35.157 DEBUG 1438 --- [    Test worker] o.s.b.f.s.DefaultListableBeanFactory     : Creating shared instance of singleton bean 'org.springframework.context.annotation.internalPersistenceAnnotationProcessor'
2021-09-19 10:12:35.158 DEBUG 1438 --- [    Test worker] o.s.b.f.s.DefaultListableBeanFactory     : Creating shared instance of singleton bean 'org.springframework.boot.context.properties.ConfigurationPropertiesBindingPostProcessor'
2021-09-19 10:12:35.158 DEBUG 1438 --- [    Test worker] o.s.b.f.s.DefaultListableBeanFactory     : Creating shared instance of singleton bean 'org.springframework.boot.context.internalConfigurationPropertiesBinder'
2021-09-19 10:12:35.158 DEBUG 1438 --- [    Test worker] o.s.b.f.s.DefaultListableBeanFactory     : Creating shared instance of singleton bean 'org.springframework.boot.context.internalConfigurationPropertiesBinderFactory'
2021-09-19 10:12:35.161 DEBUG 1438 --- [    Test worker] o.s.b.f.s.DefaultListableBeanFactory     : Creating shared instance of singleton bean 'org.springframework.aop.config.internalAutoProxyCreator'
2021-09-19 10:12:35.206 DEBUG 1438 --- [    Test worker] o.s.b.f.s.DefaultListableBeanFactory     : Creating shared instance of singleton bean 'persistenceExceptionTranslationPostProcessor'
2021-09-19 10:12:35.211 DEBUG 1438 --- [    Test worker] o.s.b.f.s.DefaultListableBeanFactory     : Autowiring by type from bean name 'persistenceExceptionTranslationPostProcessor' via factory method to bean named 'environment'
2021-09-19 10:12:35.227 DEBUG 1438 --- [    Test worker] o.s.b.f.s.DefaultListableBeanFactory     : Creating shared instance of singleton bean 'webServerFactoryCustomizerBeanPostProcessor'
2021-09-19 10:12:35.232 DEBUG 1438 --- [    Test worker] o.s.b.f.s.DefaultListableBeanFactory     : Creating shared instance of singleton bean 'errorPageRegistrarBeanPostProcessor'
2021-09-19 10:12:35.239 DEBUG 1438 --- [    Test worker] o.s.b.f.s.DefaultListableBeanFactory     : Creating shared instance of singleton bean 'projectingArgumentResolverBeanPostProcessor'
2021-09-19 10:12:35.241 DEBUG 1438 --- [    Test worker] o.s.b.f.s.DefaultListableBeanFactory     : Creating shared instance of singleton bean 'org.springframework.transaction.config.internalTransactionAdvisor'
2021-09-19 10:12:35.241 DEBUG 1438 --- [    Test worker] o.s.b.f.s.DefaultListableBeanFactory     : Creating shared instance of singleton bean 'org.springframework.transaction.annotation.ProxyTransactionManagementConfiguration'
2021-09-19 10:12:35.258 DEBUG 1438 --- [    Test worker] o.s.b.f.s.DefaultListableBeanFactory     : Creating shared instance of singleton bean 'transactionAttributeSource'
2021-09-19 10:12:35.264 DEBUG 1438 --- [    Test worker] o.s.b.f.s.DefaultListableBeanFactory     : Creating shared instance of singleton bean 'transactionInterceptor'
2021-09-19 10:12:35.265 DEBUG 1438 --- [    Test worker] o.s.b.f.s.DefaultListableBeanFactory     : Autowiring by type from bean name 'transactionInterceptor' via factory method to bean named 'transactionAttributeSource'
2021-09-19 10:12:35.282 DEBUG 1438 --- [    Test worker] o.s.b.f.s.DefaultListableBeanFactory     : Autowiring by type from bean name 'org.springframework.transaction.config.internalTransactionAdvisor' via factory method to bean named 'transactionAttributeSource'
2021-09-19 10:12:35.282 DEBUG 1438 --- [    Test worker] o.s.b.f.s.DefaultListableBeanFactory     : Autowiring by type from bean name 'org.springframework.transaction.config.internalTransactionAdvisor' via factory method to bean named 'transactionInterceptor'
2021-09-19 10:12:35.321 DEBUG 1438 --- [    Test worker] o.s.u.c.s.UiApplicationContextUtils      : Unable to locate ThemeSource with name 'themeSource': using default [org.springframework.ui.context.support.ResourceBundleThemeSource@385edbce]
2021-09-19 10:12:35.323 DEBUG 1438 --- [    Test worker] o.s.b.f.s.DefaultListableBeanFactory     : Creating shared instance of singleton bean 'flyway'
2021-09-19 10:12:35.323 DEBUG 1438 --- [    Test worker] o.s.b.f.s.DefaultListableBeanFactory     : Creating shared instance of singleton bean 'org.springframework.boot.autoconfigure.flyway.FlywayAutoConfiguration$FlywayConfiguration'
2021-09-19 10:12:35.326 DEBUG 1438 --- [    Test worker] o.s.b.f.s.DefaultListableBeanFactory     : Creating shared instance of singleton bean 'spring.flyway-org.springframework.boot.autoconfigure.flyway.FlywayProperties'
2021-09-19 10:12:35.334 DEBUG 1438 --- [    Test worker] o.s.b.f.s.DefaultListableBeanFactory     : Creating shared instance of singleton bean 'org.springframework.boot.context.properties.BoundConfigurationProperties'
2021-09-19 10:12:35.341 DEBUG 1438 --- [    Test worker] o.s.b.f.s.DefaultListableBeanFactory     : Creating shared instance of singleton bean 'stringOrNumberMigrationVersionConverter'
2021-09-19 10:12:35.341 DEBUG 1438 --- [    Test worker] o.s.b.f.s.DefaultListableBeanFactory     : Creating shared instance of singleton bean 'org.springframework.boot.autoconfigure.flyway.FlywayAutoConfiguration'
2021-09-19 10:12:35.367 DEBUG 1438 --- [    Test worker] o.s.b.f.s.DefaultListableBeanFactory     : Autowiring by type from bean name 'flyway' via factory method to bean named 'spring.flyway-org.springframework.boot.autoconfigure.flyway.FlywayProperties'
2021-09-19 10:12:35.367 DEBUG 1438 --- [    Test worker] o.s.b.f.s.DefaultListableBeanFactory     : Autowiring by type from bean name 'flyway' via factory method to bean named 'org.springframework.web.context.support.GenericWebApplicationContext@33b5359c'
2021-09-19 10:12:35.370 DEBUG 1438 --- [    Test worker] o.s.b.f.s.DefaultListableBeanFactory     : Creating shared instance of singleton bean 'dataSource'
2021-09-19 10:12:35.370 DEBUG 1438 --- [    Test worker] o.s.b.f.s.DefaultListableBeanFactory     : Creating shared instance of singleton bean 'org.springframework.boot.autoconfigure.jdbc.DataSourceConfiguration$Hikari'
2021-09-19 10:12:35.373 DEBUG 1438 --- [    Test worker] o.s.b.f.s.DefaultListableBeanFactory     : Creating shared instance of singleton bean 'spring.datasource-org.springframework.boot.autoconfigure.jdbc.DataSourceProperties'
2021-09-19 10:12:35.391 DEBUG 1438 --- [    Test worker] o.s.b.f.s.DefaultListableBeanFactory     : Autowiring by type from bean name 'dataSource' via factory method to bean named 'spring.datasource-org.springframework.boot.autoconfigure.jdbc.DataSourceProperties'
2021-09-19 10:12:35.394 DEBUG 1438 --- [    Test worker] com.zaxxer.hikari.HikariConfig           : Driver class com.mysql.cj.jdbc.Driver found in Thread context class loader jdk.internal.loader.ClassLoaders$AppClassLoader@277050dc
2021-09-19 10:12:35.443 DEBUG 1438 --- [    Test worker] o.s.b.f.s.DefaultListableBeanFactory     : Creating shared instance of singleton bean 'dataSourceScriptDatabaseInitializer'
2021-09-19 10:12:35.443 DEBUG 1438 --- [    Test worker] o.s.b.f.s.DefaultListableBeanFactory     : Creating shared instance of singleton bean 'org.springframework.boot.autoconfigure.sql.init.DataSourceInitializationConfiguration'
2021-09-19 10:12:35.445 DEBUG 1438 --- [    Test worker] o.s.b.f.s.DefaultListableBeanFactory     : Creating shared instance of singleton bean 'spring.sql.init-org.springframework.boot.autoconfigure.sql.init.SqlInitializationProperties'
2021-09-19 10:12:35.451 DEBUG 1438 --- [    Test worker] o.s.b.f.s.DefaultListableBeanFactory     : Autowiring by type from bean name 'dataSourceScriptDatabaseInitializer' via factory method to bean named 'dataSource'
2021-09-19 10:12:35.451 DEBUG 1438 --- [    Test worker] o.s.b.f.s.DefaultListableBeanFactory     : Autowiring by type from bean name 'dataSourceScriptDatabaseInitializer' via factory method to bean named 'spring.sql.init-org.springframework.boot.autoconfigure.sql.init.SqlInitializationProperties'
2021-09-19 10:12:35.458 DEBUG 1438 --- [    Test worker] o.s.b.f.s.DefaultListableBeanFactory     : Creating shared instance of singleton bean 'flywayInitializer'
2021-09-19 10:12:35.459 DEBUG 1438 --- [    Test worker] o.s.b.f.s.DefaultListableBeanFactory     : Autowiring by type from bean name 'flywayInitializer' via factory method to bean named 'flyway'
2021-09-19 10:12:35.463 DEBUG 1438 --- [    Test worker] o.f.c.i.s.classpath.ClassPathScanner     : Scanning for classpath resources at 'classpath:db/migration' ...
2021-09-19 10:12:35.463 DEBUG 1438 --- [    Test worker] o.f.c.i.s.classpath.ClassPathScanner     : Determining location urls for classpath:db/migration using ClassLoader jdk.internal.loader.ClassLoaders$AppClassLoader@277050dc ...
2021-09-19 10:12:35.464 DEBUG 1438 --- [    Test worker] o.f.c.i.s.classpath.ClassPathScanner     : Scanning URL: file:/Users/nhn/Study/test-study/contraint-test/build/resources/main/db/migration
2021-09-19 10:12:35.464 DEBUG 1438 --- [    Test worker] o.f.core.internal.util.FeatureDetector   : JBoss VFS v2 available: false
2021-09-19 10:12:35.464 DEBUG 1438 --- [    Test worker] i.s.c.FileSystemClassPathLocationScanner : Scanning starting at classpath root in filesystem: /Users/nhn/Study/test-study/contraint-test/build/resources/main/
2021-09-19 10:12:35.464 DEBUG 1438 --- [    Test worker] i.s.c.FileSystemClassPathLocationScanner : Scanning for resources in path: /Users/nhn/Study/test-study/contraint-test/build/resources/main/db/migration (db/migration)
2021-09-19 10:12:35.464 DEBUG 1438 --- [    Test worker] o.f.c.i.s.classpath.ClassPathScanner     : Found resource: db/migration/V1__create_all_table.sql
2021-09-19 10:12:35.465 DEBUG 1438 --- [    Test worker] o.f.c.i.s.classpath.ClassPathScanner     : Scanning for classes at classpath:db/migration
2021-09-19 10:12:35.466 DEBUG 1438 --- [    Test worker] com.zaxxer.hikari.HikariConfig           : HikariPool-1 - configuration:
2021-09-19 10:12:35.468 DEBUG 1438 --- [    Test worker] com.zaxxer.hikari.HikariConfig           : allowPoolSuspension................................false
2021-09-19 10:12:35.469 DEBUG 1438 --- [    Test worker] com.zaxxer.hikari.HikariConfig           : autoCommit................................true
2021-09-19 10:12:35.469 DEBUG 1438 --- [    Test worker] com.zaxxer.hikari.HikariConfig           : catalog................................none
2021-09-19 10:12:35.469 DEBUG 1438 --- [    Test worker] com.zaxxer.hikari.HikariConfig           : connectionInitSql................................none
2021-09-19 10:12:35.469 DEBUG 1438 --- [    Test worker] com.zaxxer.hikari.HikariConfig           : connectionTestQuery................................none
2021-09-19 10:12:35.469 DEBUG 1438 --- [    Test worker] com.zaxxer.hikari.HikariConfig           : connectionTimeout................................30000
2021-09-19 10:12:35.469 DEBUG 1438 --- [    Test worker] com.zaxxer.hikari.HikariConfig           : dataSource................................none
2021-09-19 10:12:35.469 DEBUG 1438 --- [    Test worker] com.zaxxer.hikari.HikariConfig           : dataSourceClassName................................none
2021-09-19 10:12:35.470 DEBUG 1438 --- [    Test worker] com.zaxxer.hikari.HikariConfig           : dataSourceJNDI................................none
2021-09-19 10:12:35.470 DEBUG 1438 --- [    Test worker] com.zaxxer.hikari.HikariConfig           : dataSourceProperties................................{password=<masked>}
2021-09-19 10:12:35.470 DEBUG 1438 --- [    Test worker] com.zaxxer.hikari.HikariConfig           : driverClassName................................"com.mysql.cj.jdbc.Driver"
2021-09-19 10:12:35.470 DEBUG 1438 --- [    Test worker] com.zaxxer.hikari.HikariConfig           : exceptionOverrideClassName................................none
2021-09-19 10:12:35.471 DEBUG 1438 --- [    Test worker] com.zaxxer.hikari.HikariConfig           : healthCheckProperties................................{}
2021-09-19 10:12:35.471 DEBUG 1438 --- [    Test worker] com.zaxxer.hikari.HikariConfig           : healthCheckRegistry................................none
2021-09-19 10:12:35.471 DEBUG 1438 --- [    Test worker] com.zaxxer.hikari.HikariConfig           : idleTimeout................................600000
2021-09-19 10:12:35.471 DEBUG 1438 --- [    Test worker] com.zaxxer.hikari.HikariConfig           : initializationFailTimeout................................1
2021-09-19 10:12:35.471 DEBUG 1438 --- [    Test worker] com.zaxxer.hikari.HikariConfig           : isolateInternalQueries................................false
2021-09-19 10:12:35.471 DEBUG 1438 --- [    Test worker] com.zaxxer.hikari.HikariConfig           : jdbcUrl................................jdbc:mysql://127.0.0.1:13306/test?characterEncoding=UTF-8&serverTimezone=Asia/Seoul&profileSQL=true&maxQuerySizeToLog=999999&logger=Slf4JLogger
2021-09-19 10:12:35.471 DEBUG 1438 --- [    Test worker] com.zaxxer.hikari.HikariConfig           : keepaliveTime................................0
2021-09-19 10:12:35.472 DEBUG 1438 --- [    Test worker] com.zaxxer.hikari.HikariConfig           : leakDetectionThreshold................................0
2021-09-19 10:12:35.472 DEBUG 1438 --- [    Test worker] com.zaxxer.hikari.HikariConfig           : maxLifetime................................1800000
2021-09-19 10:12:35.472 DEBUG 1438 --- [    Test worker] com.zaxxer.hikari.HikariConfig           : maximumPoolSize................................10
2021-09-19 10:12:35.472 DEBUG 1438 --- [    Test worker] com.zaxxer.hikari.HikariConfig           : metricRegistry................................none
2021-09-19 10:12:35.472 DEBUG 1438 --- [    Test worker] com.zaxxer.hikari.HikariConfig           : metricsTrackerFactory................................none
2021-09-19 10:12:35.472 DEBUG 1438 --- [    Test worker] com.zaxxer.hikari.HikariConfig           : minimumIdle................................10
2021-09-19 10:12:35.472 DEBUG 1438 --- [    Test worker] com.zaxxer.hikari.HikariConfig           : password................................<masked>
2021-09-19 10:12:35.473 DEBUG 1438 --- [    Test worker] com.zaxxer.hikari.HikariConfig           : poolName................................"HikariPool-1"
2021-09-19 10:12:35.473 DEBUG 1438 --- [    Test worker] com.zaxxer.hikari.HikariConfig           : readOnly................................false
2021-09-19 10:12:35.473 DEBUG 1438 --- [    Test worker] com.zaxxer.hikari.HikariConfig           : registerMbeans................................false
2021-09-19 10:12:35.473 DEBUG 1438 --- [    Test worker] com.zaxxer.hikari.HikariConfig           : scheduledExecutor................................none
2021-09-19 10:12:35.473 DEBUG 1438 --- [    Test worker] com.zaxxer.hikari.HikariConfig           : schema................................none
2021-09-19 10:12:35.474 DEBUG 1438 --- [    Test worker] com.zaxxer.hikari.HikariConfig           : threadFactory................................internal
2021-09-19 10:12:35.474 DEBUG 1438 --- [    Test worker] com.zaxxer.hikari.HikariConfig           : transactionIsolation................................default
2021-09-19 10:12:35.474 DEBUG 1438 --- [    Test worker] com.zaxxer.hikari.HikariConfig           : username................................"test"
2021-09-19 10:12:35.474 DEBUG 1438 --- [    Test worker] com.zaxxer.hikari.HikariConfig           : validationTimeout................................5000
2021-09-19 10:12:35.474  INFO 1438 --- [    Test worker] com.zaxxer.hikari.HikariDataSource       : HikariPool-1 - Starting...
2021-09-19 10:12:35.512  INFO 1438 --- [    Test worker] MySQL                                    : [QUERY] SET autocommit=1 [Created on: Sun Sep 19 10:12:35 KST 2021, duration: 0, connection-id: 11, statement-id: -1, resultset-id: 0,	at com.zaxxer.hikari.util.DriverDataSource.getConnection(DriverDataSource.java:138)]
2021-09-19 10:12:35.513  INFO 1438 --- [    Test worker] MySQL                                    : [FETCH]  [Created on: Sun Sep 19 10:12:35 KST 2021, duration: 0, connection-id: 11, statement-id: -1, resultset-id: 0,	at com.zaxxer.hikari.util.DriverDataSource.getConnection(DriverDataSource.java:138)]
2021-09-19 10:12:35.516 DEBUG 1438 --- [    Test worker] com.zaxxer.hikari.pool.HikariPool        : HikariPool-1 - Added connection com.mysql.cj.jdbc.ConnectionImpl@3de44af
2021-09-19 10:12:35.517  INFO 1438 --- [    Test worker] com.zaxxer.hikari.HikariDataSource       : HikariPool-1 - Start completed.
2021-09-19 10:12:35.525  INFO 1438 --- [    Test worker] MySQL                                    : [QUERY] SELECT version() [Created on: Sun Sep 19 10:12:35 KST 2021, duration: 0, connection-id: 11, statement-id: 0, resultset-id: 0,	at com.zaxxer.hikari.pool.ProxyPreparedStatement.executeQuery(ProxyPreparedStatement.java:52)]
2021-09-19 10:12:35.526  INFO 1438 --- [    Test worker] MySQL                                    : [FETCH]  [Created on: Sun Sep 19 10:12:35 KST 2021, duration: 1, connection-id: 11, statement-id: 0, resultset-id: 0,	at com.zaxxer.hikari.pool.ProxyPreparedStatement.executeQuery(ProxyPreparedStatement.java:52)]
2021-09-19 10:12:35.529  INFO 1438 --- [    Test worker] o.f.c.internal.database.DatabaseFactory  : Database: jdbc:mysql://127.0.0.1:13306/test (MySQL 8.0)
2021-09-19 10:12:35.529 DEBUG 1438 --- [    Test worker] o.f.c.internal.database.DatabaseFactory  : Driver  : MySQL Connector/J mysql-connector-java-8.0.25 (Revision: 08be9e9b4cba6aa115f9b27b215887af40b159e0)
2021-09-19 10:12:35.532  INFO 1438 --- [    Test worker] MySQL                                    : [QUERY] select VARIABLE_VALUE from performance_schema.global_variables where variable_name = 'pxc_strict_mode' [Created on: Sun Sep 19 10:12:35 KST 2021, duration: 1, connection-id: 11, statement-id: 0, resultset-id: 0,	at com.zaxxer.hikari.pool.ProxyPreparedStatement.executeQuery(ProxyPreparedStatement.java:52)]
2021-09-19 10:12:35.533  INFO 1438 --- [    Test worker] MySQL                                    : [FETCH]  [Created on: Sun Sep 19 10:12:35 KST 2021, duration: 0, connection-id: 11, statement-id: 0, resultset-id: 0,	at com.zaxxer.hikari.pool.ProxyPreparedStatement.executeQuery(ProxyPreparedStatement.java:52)]
2021-09-19 10:12:35.535  INFO 1438 --- [    Test worker] MySQL                                    : [QUERY] SELECT @@GLOBAL.ENFORCE_GTID_CONSISTENCY [Created on: Sun Sep 19 10:12:35 KST 2021, duration: 0, connection-id: 11, statement-id: 0, resultset-id: 0,	at com.zaxxer.hikari.pool.ProxyPreparedStatement.executeQuery(ProxyPreparedStatement.java:52)]
2021-09-19 10:12:35.536  INFO 1438 --- [    Test worker] MySQL                                    : [FETCH]  [Created on: Sun Sep 19 10:12:35 KST 2021, duration: 0, connection-id: 11, statement-id: 0, resultset-id: 0,	at com.zaxxer.hikari.pool.ProxyPreparedStatement.executeQuery(ProxyPreparedStatement.java:52)]
2021-09-19 10:12:35.536 DEBUG 1438 --- [    Test worker] org.flywaydb.core.Flyway                 : DDL Transactions Supported: false
2021-09-19 10:12:35.536 DEBUG 1438 --- [    Test worker] org.flywaydb.core.Flyway                 : Schemas: 
2021-09-19 10:12:35.536 DEBUG 1438 --- [    Test worker] org.flywaydb.core.Flyway                 : Default schema: null
2021-09-19 10:12:35.537  INFO 1438 --- [    Test worker] MySQL                                    : [QUERY] SELECT DATABASE() [Created on: Sun Sep 19 10:12:35 KST 2021, duration: 0, connection-id: 11, statement-id: 0, resultset-id: 0,	at com.zaxxer.hikari.pool.ProxyPreparedStatement.executeQuery(ProxyPreparedStatement.java:52)]
2021-09-19 10:12:35.538  INFO 1438 --- [    Test worker] MySQL                                    : [FETCH]  [Created on: Sun Sep 19 10:12:35 KST 2021, duration: 0, connection-id: 11, statement-id: 0, resultset-id: 0,	at com.zaxxer.hikari.pool.ProxyPreparedStatement.executeQuery(ProxyPreparedStatement.java:52)]
2021-09-19 10:12:35.543 DEBUG 1438 --- [    Test worker] o.f.c.i.database.mysql.MySQLConnection   : Disabled user variable reset as performance_schema.user_variables_by_threadcannot be queried (SQL State: 42000, Error Code: 1142)
2021-09-19 10:12:35.544  INFO 1438 --- [    Test worker] MySQL                                    : [QUERY] SELECT @@foreign_key_checks [Created on: Sun Sep 19 10:12:35 KST 2021, duration: 0, connection-id: 11, statement-id: 0, resultset-id: 0,	at com.zaxxer.hikari.pool.ProxyPreparedStatement.executeQuery(ProxyPreparedStatement.java:52)]
2021-09-19 10:12:35.545  INFO 1438 --- [    Test worker] MySQL                                    : [FETCH]  [Created on: Sun Sep 19 10:12:35 KST 2021, duration: 1, connection-id: 11, statement-id: 0, resultset-id: 0,	at com.zaxxer.hikari.pool.ProxyPreparedStatement.executeQuery(ProxyPreparedStatement.java:52)]
2021-09-19 10:12:35.546  INFO 1438 --- [    Test worker] MySQL                                    : [QUERY] SELECT @@sql_safe_updates [Created on: Sun Sep 19 10:12:35 KST 2021, duration: 0, connection-id: 11, statement-id: 0, resultset-id: 0,	at com.zaxxer.hikari.pool.ProxyPreparedStatement.executeQuery(ProxyPreparedStatement.java:52)]
2021-09-19 10:12:35.547  INFO 1438 --- [    Test worker] MySQL                                    : [FETCH]  [Created on: Sun Sep 19 10:12:35 KST 2021, duration: 0, connection-id: 11, statement-id: 0, resultset-id: 0,	at com.zaxxer.hikari.pool.ProxyPreparedStatement.executeQuery(ProxyPreparedStatement.java:52)]
2021-09-19 10:12:35.548  INFO 1438 --- [    Test worker] MySQL                                    : [QUERY] SELECT DATABASE() [Created on: Sun Sep 19 10:12:35 KST 2021, duration: 0, connection-id: 11, statement-id: 0, resultset-id: 0,	at com.zaxxer.hikari.pool.ProxyPreparedStatement.executeQuery(ProxyPreparedStatement.java:52)]
2021-09-19 10:12:35.548  INFO 1438 --- [    Test worker] MySQL                                    : [FETCH]  [Created on: Sun Sep 19 10:12:35 KST 2021, duration: 0, connection-id: 11, statement-id: 0, resultset-id: 0,	at com.zaxxer.hikari.pool.ProxyPreparedStatement.executeQuery(ProxyPreparedStatement.java:52)]
2021-09-19 10:12:35.549  INFO 1438 --- [    Test worker] MySQL                                    : [QUERY] SELECT DATABASE() [Created on: Sun Sep 19 10:12:35 KST 2021, duration: 0, connection-id: 11, statement-id: 0, resultset-id: 0,	at com.zaxxer.hikari.pool.ProxyPreparedStatement.executeQuery(ProxyPreparedStatement.java:52)]
2021-09-19 10:12:35.550  INFO 1438 --- [    Test worker] MySQL                                    : [FETCH]  [Created on: Sun Sep 19 10:12:35 KST 2021, duration: 0, connection-id: 11, statement-id: 0, resultset-id: 0,	at com.zaxxer.hikari.pool.ProxyPreparedStatement.executeQuery(ProxyPreparedStatement.java:52)]
2021-09-19 10:12:35.551  INFO 1438 --- [    Test worker] MySQL                                    : [QUERY] SELECT DATABASE() [Created on: Sun Sep 19 10:12:35 KST 2021, duration: 1, connection-id: 11, statement-id: 0, resultset-id: 0,	at com.zaxxer.hikari.pool.ProxyPreparedStatement.executeQuery(ProxyPreparedStatement.java:52)]
2021-09-19 10:12:35.552  INFO 1438 --- [    Test worker] MySQL                                    : [FETCH]  [Created on: Sun Sep 19 10:12:35 KST 2021, duration: 0, connection-id: 11, statement-id: 0, resultset-id: 0,	at com.zaxxer.hikari.pool.ProxyPreparedStatement.executeQuery(ProxyPreparedStatement.java:52)]
2021-09-19 10:12:35.554  INFO 1438 --- [    Test worker] MySQL                                    : [QUERY] SELECT SUBSTRING_INDEX(USER(),'@',1) [Created on: Sun Sep 19 10:12:35 KST 2021, duration: 0, connection-id: 11, statement-id: 0, resultset-id: 0,	at com.zaxxer.hikari.pool.ProxyPreparedStatement.executeQuery(ProxyPreparedStatement.java:52)]
2021-09-19 10:12:35.554  INFO 1438 --- [    Test worker] MySQL                                    : [FETCH]  [Created on: Sun Sep 19 10:12:35 KST 2021, duration: 0, connection-id: 11, statement-id: 0, resultset-id: 0,	at com.zaxxer.hikari.pool.ProxyPreparedStatement.executeQuery(ProxyPreparedStatement.java:52)]
2021-09-19 10:12:35.555  INFO 1438 --- [    Test worker] MySQL                                    : [QUERY] SELECT version() [Created on: Sun Sep 19 10:12:35 KST 2021, duration: 1, connection-id: 11, statement-id: 0, resultset-id: 0,	at com.zaxxer.hikari.pool.ProxyPreparedStatement.executeQuery(ProxyPreparedStatement.java:52)]
2021-09-19 10:12:35.556  INFO 1438 --- [    Test worker] MySQL                                    : [FETCH]  [Created on: Sun Sep 19 10:12:35 KST 2021, duration: 0, connection-id: 11, statement-id: 0, resultset-id: 0,	at com.zaxxer.hikari.pool.ProxyPreparedStatement.executeQuery(ProxyPreparedStatement.java:52)]
2021-09-19 10:12:35.556 DEBUG 1438 --- [    Test worker] o.f.c.i.c.SqlScriptCallbackFactory       : Scanning for SQL callbacks ...
2021-09-19 10:12:35.558  INFO 1438 --- [    Test worker] MySQL                                    : [QUERY] SELECT (SELECT 1 FROM information_schema.schemata WHERE schema_name='test' LIMIT 1) [Created on: Sun Sep 19 10:12:35 KST 2021, duration: 1, connection-id: 11, statement-id: 0, resultset-id: 0,	at com.zaxxer.hikari.pool.ProxyPreparedStatement.executeQuery(ProxyPreparedStatement.java:52)]
2021-09-19 10:12:35.558  INFO 1438 --- [    Test worker] MySQL                                    : [FETCH]  [Created on: Sun Sep 19 10:12:35 KST 2021, duration: 0, connection-id: 11, statement-id: 0, resultset-id: 0,	at com.zaxxer.hikari.pool.ProxyPreparedStatement.executeQuery(ProxyPreparedStatement.java:52)]
2021-09-19 10:12:35.558 DEBUG 1438 --- [    Test worker] o.f.core.internal.command.DbValidate     : Validating migrations ...
2021-09-19 10:12:35.559  INFO 1438 --- [    Test worker] MySQL                                    : [QUERY] SELECT version() [Created on: Sun Sep 19 10:12:35 KST 2021, duration: 0, connection-id: 11, statement-id: 0, resultset-id: 0,	at com.zaxxer.hikari.pool.ProxyPreparedStatement.executeQuery(ProxyPreparedStatement.java:52)]
2021-09-19 10:12:35.560  INFO 1438 --- [    Test worker] MySQL                                    : [FETCH]  [Created on: Sun Sep 19 10:12:35 KST 2021, duration: 0, connection-id: 11, statement-id: 0, resultset-id: 0,	at com.zaxxer.hikari.pool.ProxyPreparedStatement.executeQuery(ProxyPreparedStatement.java:52)]
2021-09-19 10:12:35.561  INFO 1438 --- [    Test worker] MySQL                                    : [QUERY] SET autocommit=0 [Created on: Sun Sep 19 10:12:35 KST 2021, duration: 0, connection-id: 11, statement-id: -1, resultset-id: 0,	at com.zaxxer.hikari.pool.ProxyConnection.setAutoCommit(ProxyConnection.java:414)]
2021-09-19 10:12:35.562  INFO 1438 --- [    Test worker] MySQL                                    : [FETCH]  [Created on: Sun Sep 19 10:12:35 KST 2021, duration: 0, connection-id: 11, statement-id: -1, resultset-id: 0,	at com.zaxxer.hikari.pool.ProxyConnection.setAutoCommit(ProxyConnection.java:414)]
2021-09-19 10:12:35.562 DEBUG 1438 --- [    Test worker] o.f.core.internal.scanner.Scanner        : Filtering out resource: db/migration/V1__create_all_table.sql (filename: V1__create_all_table.sql)
2021-09-19 10:12:35.563  INFO 1438 --- [    Test worker] MySQL                                    : [QUERY] SET foreign_key_checks=1, sql_safe_updates=0 [Created on: Sun Sep 19 10:12:35 KST 2021, duration: 0, connection-id: 11, statement-id: 0, resultset-id: 0,	at com.zaxxer.hikari.pool.ProxyPreparedStatement.execute(ProxyPreparedStatement.java:44)]
2021-09-19 10:12:35.564  INFO 1438 --- [    Test worker] MySQL                                    : [FETCH]  [Created on: Sun Sep 19 10:12:35 KST 2021, duration: 0, connection-id: 11, statement-id: 0, resultset-id: 0,	at com.zaxxer.hikari.pool.ProxyPreparedStatement.execute(ProxyPreparedStatement.java:44)]
2021-09-19 10:12:35.566  INFO 1438 --- [    Test worker] MySQL                                    : [QUERY] SELECT TABLE_SCHEMA AS TABLE_CAT, NULL AS TABLE_SCHEM, TABLE_NAME, CASE WHEN TABLE_TYPE='BASE TABLE' THEN CASE WHEN TABLE_SCHEMA = 'mysql' OR TABLE_SCHEMA = 'performance_schema' THEN 'SYSTEM TABLE' ELSE 'TABLE' END WHEN TABLE_TYPE='TEMPORARY' THEN 'LOCAL_TEMPORARY' ELSE TABLE_TYPE END AS TABLE_TYPE, TABLE_COMMENT AS REMARKS, NULL AS TYPE_CAT, NULL AS TYPE_SCHEM, NULL AS TYPE_NAME, NULL AS SELF_REFERENCING_COL_NAME, NULL AS REF_GENERATION FROM INFORMATION_SCHEMA.TABLES WHERE TABLE_SCHEMA = 'test' AND TABLE_NAME LIKE 'flyway_schema_history' ORDER BY TABLE_TYPE, TABLE_SCHEMA, TABLE_NAME [Created on: Sun Sep 19 10:12:35 KST 2021, duration: 1, connection-id: 11, statement-id: 0, resultset-id: 0,	at com.zaxxer.hikari.pool.ProxyDatabaseMetaData.getTables(ProxyDatabaseMetaData.java:68)]
2021-09-19 10:12:35.566  INFO 1438 --- [    Test worker] MySQL                                    : [FETCH]  [Created on: Sun Sep 19 10:12:35 KST 2021, duration: 0, connection-id: 11, statement-id: 0, resultset-id: 0,	at com.zaxxer.hikari.pool.ProxyDatabaseMetaData.getTables(ProxyDatabaseMetaData.java:68)]
2021-09-19 10:12:35.568  INFO 1438 --- [    Test worker] MySQL                                    : [QUERY] SELECT `installed_rank`,`version`,`description`,`type`,`script`,`checksum`,`installed_on`,`installed_by`,`execution_time`,`success` FROM `test`.`flyway_schema_history` WHERE `installed_rank` > -1 ORDER BY `installed_rank` [Created on: Sun Sep 19 10:12:35 KST 2021, duration: 0, connection-id: 11, statement-id: 0, resultset-id: 0,	at com.zaxxer.hikari.pool.ProxyPreparedStatement.executeQuery(ProxyPreparedStatement.java:52)]
2021-09-19 10:12:35.569  INFO 1438 --- [    Test worker] MySQL                                    : [FETCH]  [Created on: Sun Sep 19 10:12:35 KST 2021, duration: 0, connection-id: 11, statement-id: 0, resultset-id: 0,	at com.zaxxer.hikari.pool.ProxyPreparedStatement.executeQuery(ProxyPreparedStatement.java:52)]
2021-09-19 10:12:35.570  INFO 1438 --- [    Test worker] MySQL                                    : [QUERY] commit [Created on: Sun Sep 19 10:12:35 KST 2021, duration: 0, connection-id: 11, statement-id: -1, resultset-id: 0,	at com.zaxxer.hikari.pool.ProxyConnection.commit(ProxyConnection.java:387)]
2021-09-19 10:12:35.570  INFO 1438 --- [    Test worker] MySQL                                    : [FETCH]  [Created on: Sun Sep 19 10:12:35 KST 2021, duration: 0, connection-id: 11, statement-id: -1, resultset-id: 0,	at com.zaxxer.hikari.pool.ProxyConnection.commit(ProxyConnection.java:387)]
2021-09-19 10:12:35.571  INFO 1438 --- [    Test worker] MySQL                                    : [QUERY] SET autocommit=1 [Created on: Sun Sep 19 10:12:35 KST 2021, duration: 1, connection-id: 11, statement-id: -1, resultset-id: 0,	at com.zaxxer.hikari.pool.ProxyConnection.setAutoCommit(ProxyConnection.java:414)]
2021-09-19 10:12:35.572  INFO 1438 --- [    Test worker] MySQL                                    : [FETCH]  [Created on: Sun Sep 19 10:12:35 KST 2021, duration: 0, connection-id: 11, statement-id: -1, resultset-id: 0,	at com.zaxxer.hikari.pool.ProxyConnection.setAutoCommit(ProxyConnection.java:414)]
2021-09-19 10:12:35.572  INFO 1438 --- [    Test worker] o.f.core.internal.command.DbValidate     : Successfully validated 1 migration (execution time 00:00.013s)
2021-09-19 10:12:35.573  INFO 1438 --- [    Test worker] MySQL                                    : [QUERY] SET foreign_key_checks=1, sql_safe_updates=0 [Created on: Sun Sep 19 10:12:35 KST 2021, duration: 1, connection-id: 11, statement-id: 0, resultset-id: 0,	at com.zaxxer.hikari.pool.ProxyPreparedStatement.execute(ProxyPreparedStatement.java:44)]
2021-09-19 10:12:35.574  INFO 1438 --- [    Test worker] MySQL                                    : [FETCH]  [Created on: Sun Sep 19 10:12:35 KST 2021, duration: 0, connection-id: 11, statement-id: 0, resultset-id: 0,	at com.zaxxer.hikari.pool.ProxyPreparedStatement.execute(ProxyPreparedStatement.java:44)]
2021-09-19 10:12:35.575  INFO 1438 --- [    Test worker] MySQL                                    : [QUERY] SELECT TABLE_SCHEMA AS TABLE_CAT, NULL AS TABLE_SCHEM, TABLE_NAME, CASE WHEN TABLE_TYPE='BASE TABLE' THEN CASE WHEN TABLE_SCHEMA = 'mysql' OR TABLE_SCHEMA = 'performance_schema' THEN 'SYSTEM TABLE' ELSE 'TABLE' END WHEN TABLE_TYPE='TEMPORARY' THEN 'LOCAL_TEMPORARY' ELSE TABLE_TYPE END AS TABLE_TYPE, TABLE_COMMENT AS REMARKS, NULL AS TYPE_CAT, NULL AS TYPE_SCHEM, NULL AS TYPE_NAME, NULL AS SELF_REFERENCING_COL_NAME, NULL AS REF_GENERATION FROM INFORMATION_SCHEMA.TABLES WHERE TABLE_SCHEMA = 'test' AND TABLE_NAME LIKE 'flyway_schema_history' ORDER BY TABLE_TYPE, TABLE_SCHEMA, TABLE_NAME [Created on: Sun Sep 19 10:12:35 KST 2021, duration: 1, connection-id: 11, statement-id: 0, resultset-id: 0,	at com.zaxxer.hikari.pool.ProxyDatabaseMetaData.getTables(ProxyDatabaseMetaData.java:68)]
2021-09-19 10:12:35.576  INFO 1438 --- [    Test worker] MySQL                                    : [FETCH]  [Created on: Sun Sep 19 10:12:35 KST 2021, duration: 0, connection-id: 11, statement-id: 0, resultset-id: 0,	at com.zaxxer.hikari.pool.ProxyDatabaseMetaData.getTables(ProxyDatabaseMetaData.java:68)]
2021-09-19 10:12:35.577  INFO 1438 --- [    Test worker] MySQL                                    : [QUERY] SET foreign_key_checks=1, sql_safe_updates=0 [Created on: Sun Sep 19 10:12:35 KST 2021, duration: 0, connection-id: 11, statement-id: 0, resultset-id: 0,	at com.zaxxer.hikari.pool.ProxyPreparedStatement.execute(ProxyPreparedStatement.java:44)]
2021-09-19 10:12:35.577  INFO 1438 --- [    Test worker] MySQL                                    : [FETCH]  [Created on: Sun Sep 19 10:12:35 KST 2021, duration: 0, connection-id: 11, statement-id: 0, resultset-id: 0,	at com.zaxxer.hikari.pool.ProxyPreparedStatement.execute(ProxyPreparedStatement.java:44)]
2021-09-19 10:12:35.578  INFO 1438 --- [    Test worker] MySQL                                    : [QUERY] SELECT GET_LOCK('Flyway--562162009',10) [Created on: Sun Sep 19 10:12:35 KST 2021, duration: 0, connection-id: 11, statement-id: 0, resultset-id: 0,	at com.zaxxer.hikari.pool.ProxyPreparedStatement.executeQuery(ProxyPreparedStatement.java:52)]
2021-09-19 10:12:35.579  INFO 1438 --- [    Test worker] MySQL                                    : [FETCH]  [Created on: Sun Sep 19 10:12:35 KST 2021, duration: 0, connection-id: 11, statement-id: 0, resultset-id: 0,	at com.zaxxer.hikari.pool.ProxyPreparedStatement.executeQuery(ProxyPreparedStatement.java:52)]
2021-09-19 10:12:35.580  INFO 1438 --- [    Test worker] MySQL                                    : [QUERY] SET foreign_key_checks=1, sql_safe_updates=0 [Created on: Sun Sep 19 10:12:35 KST 2021, duration: 0, connection-id: 11, statement-id: 0, resultset-id: 0,	at com.zaxxer.hikari.pool.ProxyPreparedStatement.execute(ProxyPreparedStatement.java:44)]
2021-09-19 10:12:35.581  INFO 1438 --- [    Test worker] MySQL                                    : [FETCH]  [Created on: Sun Sep 19 10:12:35 KST 2021, duration: 0, connection-id: 11, statement-id: 0, resultset-id: 0,	at com.zaxxer.hikari.pool.ProxyPreparedStatement.execute(ProxyPreparedStatement.java:44)]
2021-09-19 10:12:35.582  INFO 1438 --- [    Test worker] MySQL                                    : [QUERY] SELECT TABLE_SCHEMA AS TABLE_CAT, NULL AS TABLE_SCHEM, TABLE_NAME, CASE WHEN TABLE_TYPE='BASE TABLE' THEN CASE WHEN TABLE_SCHEMA = 'mysql' OR TABLE_SCHEMA = 'performance_schema' THEN 'SYSTEM TABLE' ELSE 'TABLE' END WHEN TABLE_TYPE='TEMPORARY' THEN 'LOCAL_TEMPORARY' ELSE TABLE_TYPE END AS TABLE_TYPE, TABLE_COMMENT AS REMARKS, NULL AS TYPE_CAT, NULL AS TYPE_SCHEM, NULL AS TYPE_NAME, NULL AS SELF_REFERENCING_COL_NAME, NULL AS REF_GENERATION FROM INFORMATION_SCHEMA.TABLES WHERE TABLE_SCHEMA = 'test' AND TABLE_NAME LIKE 'flyway_schema_history' ORDER BY TABLE_TYPE, TABLE_SCHEMA, TABLE_NAME [Created on: Sun Sep 19 10:12:35 KST 2021, duration: 1, connection-id: 11, statement-id: 0, resultset-id: 0,	at com.zaxxer.hikari.pool.ProxyDatabaseMetaData.getTables(ProxyDatabaseMetaData.java:68)]
2021-09-19 10:12:35.583  INFO 1438 --- [    Test worker] MySQL                                    : [FETCH]  [Created on: Sun Sep 19 10:12:35 KST 2021, duration: 0, connection-id: 11, statement-id: 0, resultset-id: 0,	at com.zaxxer.hikari.pool.ProxyDatabaseMetaData.getTables(ProxyDatabaseMetaData.java:68)]
2021-09-19 10:12:35.584  INFO 1438 --- [    Test worker] MySQL                                    : [QUERY] SELECT `installed_rank`,`version`,`description`,`type`,`script`,`checksum`,`installed_on`,`installed_by`,`execution_time`,`success` FROM `test`.`flyway_schema_history` WHERE `installed_rank` > 1 ORDER BY `installed_rank` [Created on: Sun Sep 19 10:12:35 KST 2021, duration: 0, connection-id: 11, statement-id: 0, resultset-id: 0,	at com.zaxxer.hikari.pool.ProxyPreparedStatement.executeQuery(ProxyPreparedStatement.java:52)]
2021-09-19 10:12:35.585  INFO 1438 --- [    Test worker] MySQL                                    : [FETCH]  [Created on: Sun Sep 19 10:12:35 KST 2021, duration: 1, connection-id: 11, statement-id: 0, resultset-id: 0,	at com.zaxxer.hikari.pool.ProxyPreparedStatement.executeQuery(ProxyPreparedStatement.java:52)]
2021-09-19 10:12:35.585  INFO 1438 --- [    Test worker] o.f.core.internal.command.DbMigrate      : Current version of schema `test`: 1
2021-09-19 10:12:35.586  INFO 1438 --- [    Test worker] MySQL                                    : [QUERY] SELECT RELEASE_LOCK('Flyway--562162009') [Created on: Sun Sep 19 10:12:35 KST 2021, duration: 0, connection-id: 11, statement-id: 0, resultset-id: 0,	at com.zaxxer.hikari.pool.ProxyPreparedStatement.execute(ProxyPreparedStatement.java:44)]
2021-09-19 10:12:35.586  INFO 1438 --- [    Test worker] MySQL                                    : [FETCH]  [Created on: Sun Sep 19 10:12:35 KST 2021, duration: 0, connection-id: 11, statement-id: 0, resultset-id: 0,	at com.zaxxer.hikari.pool.ProxyPreparedStatement.execute(ProxyPreparedStatement.java:44)]
2021-09-19 10:12:35.586  INFO 1438 --- [    Test worker] o.f.core.internal.command.DbMigrate      : Schema `test` is up to date. No migration necessary.
2021-09-19 10:12:35.587  INFO 1438 --- [    Test worker] MySQL                                    : [QUERY] SET foreign_key_checks=1, sql_safe_updates=0 [Created on: Sun Sep 19 10:12:35 KST 2021, duration: 1, connection-id: 11, statement-id: 0, resultset-id: 0,	at com.zaxxer.hikari.pool.ProxyPreparedStatement.execute(ProxyPreparedStatement.java:44)]
2021-09-19 10:12:35.588  INFO 1438 --- [    Test worker] MySQL                                    : [FETCH]  [Created on: Sun Sep 19 10:12:35 KST 2021, duration: 0, connection-id: 11, statement-id: 0, resultset-id: 0,	at com.zaxxer.hikari.pool.ProxyPreparedStatement.execute(ProxyPreparedStatement.java:44)]
2021-09-19 10:12:35.589  INFO 1438 --- [    Test worker] MySQL                                    : [QUERY] SELECT version() [Created on: Sun Sep 19 10:12:35 KST 2021, duration: 0, connection-id: 11, statement-id: 0, resultset-id: 0,	at com.zaxxer.hikari.pool.ProxyPreparedStatement.executeQuery(ProxyPreparedStatement.java:52)]
2021-09-19 10:12:35.589  INFO 1438 --- [    Test worker] MySQL                                    : [FETCH]  [Created on: Sun Sep 19 10:12:35 KST 2021, duration: 0, connection-id: 11, statement-id: 0, resultset-id: 0,	at com.zaxxer.hikari.pool.ProxyPreparedStatement.executeQuery(ProxyPreparedStatement.java:52)]
2021-09-19 10:12:35.590  INFO 1438 --- [    Test worker] MySQL                                    : [QUERY] SET autocommit=0 [Created on: Sun Sep 19 10:12:35 KST 2021, duration: 1, connection-id: 11, statement-id: -1, resultset-id: 0,	at com.zaxxer.hikari.pool.ProxyConnection.setAutoCommit(ProxyConnection.java:414)]
2021-09-19 10:12:35.591  INFO 1438 --- [    Test worker] MySQL                                    : [FETCH]  [Created on: Sun Sep 19 10:12:35 KST 2021, duration: 0, connection-id: 11, statement-id: -1, resultset-id: 0,	at com.zaxxer.hikari.pool.ProxyConnection.setAutoCommit(ProxyConnection.java:414)]
2021-09-19 10:12:35.591  INFO 1438 --- [    Test worker] MySQL                                    : [QUERY] USE `test` [Created on: Sun Sep 19 10:12:35 KST 2021, duration: 0, connection-id: 11, statement-id: -1, resultset-id: 0,	at com.zaxxer.hikari.pool.ProxyConnection.setCatalog(ProxyConnection.java:442)]
2021-09-19 10:12:35.592  INFO 1438 --- [    Test worker] MySQL                                    : [FETCH]  [Created on: Sun Sep 19 10:12:35 KST 2021, duration: 0, connection-id: 11, statement-id: -1, resultset-id: 0,	at com.zaxxer.hikari.pool.ProxyConnection.setCatalog(ProxyConnection.java:442)]
2021-09-19 10:12:35.592  INFO 1438 --- [    Test worker] MySQL                                    : [QUERY] commit [Created on: Sun Sep 19 10:12:35 KST 2021, duration: 0, connection-id: 11, statement-id: -1, resultset-id: 0,	at com.zaxxer.hikari.pool.ProxyConnection.commit(ProxyConnection.java:387)]
2021-09-19 10:12:35.593  INFO 1438 --- [    Test worker] MySQL                                    : [FETCH]  [Created on: Sun Sep 19 10:12:35 KST 2021, duration: 0, connection-id: 11, statement-id: -1, resultset-id: 0,	at com.zaxxer.hikari.pool.ProxyConnection.commit(ProxyConnection.java:387)]
2021-09-19 10:12:35.593  INFO 1438 --- [    Test worker] MySQL                                    : [QUERY] SET autocommit=1 [Created on: Sun Sep 19 10:12:35 KST 2021, duration: 0, connection-id: 11, statement-id: -1, resultset-id: 0,	at com.zaxxer.hikari.pool.ProxyConnection.setAutoCommit(ProxyConnection.java:414)]
2021-09-19 10:12:35.593  INFO 1438 --- [    Test worker] MySQL                                    : [FETCH]  [Created on: Sun Sep 19 10:12:35 KST 2021, duration: 0, connection-id: 11, statement-id: -1, resultset-id: 0,	at com.zaxxer.hikari.pool.ProxyConnection.setAutoCommit(ProxyConnection.java:414)]
2021-09-19 10:12:35.594  INFO 1438 --- [    Test worker] MySQL                                    : [QUERY] SET autocommit=1 [Created on: Sun Sep 19 10:12:35 KST 2021, duration: 1, connection-id: 11, statement-id: -1, resultset-id: 0,	at com.zaxxer.hikari.pool.ProxyConnection.setAutoCommit(ProxyConnection.java:414)]
2021-09-19 10:12:35.594  INFO 1438 --- [    Test worker] MySQL                                    : [FETCH]  [Created on: Sun Sep 19 10:12:35 KST 2021, duration: 0, connection-id: 11, statement-id: -1, resultset-id: 0,	at com.zaxxer.hikari.pool.ProxyConnection.setAutoCommit(ProxyConnection.java:414)]
2021-09-19 10:12:35.594 DEBUG 1438 --- [    Test worker] org.flywaydb.core.Flyway                 : Memory usage: 105 of 256M
2021-09-19 10:12:35.595 DEBUG 1438 --- [    Test worker] o.s.b.f.s.DefaultListableBeanFactory     : Creating shared instance of singleton bean 'entityManagerFactory'
2021-09-19 10:12:35.595 DEBUG 1438 --- [    Test worker] o.s.b.f.s.DefaultListableBeanFactory     : Creating shared instance of singleton bean 'org.springframework.boot.autoconfigure.orm.jpa.HibernateJpaConfiguration'
2021-09-19 10:12:35.596 DEBUG 1438 --- [    Test worker] o.s.b.f.s.DefaultListableBeanFactory     : Creating shared instance of singleton bean 'spring.jpa-org.springframework.boot.autoconfigure.orm.jpa.JpaProperties'
2021-09-19 10:12:35.600 DEBUG 1438 --- [    Test worker] o.s.b.f.s.DefaultListableBeanFactory     : Creating shared instance of singleton bean 'spring.jpa.hibernate-org.springframework.boot.autoconfigure.orm.jpa.HibernateProperties'
2021-09-19 10:12:35.603 DEBUG 1438 --- [    Test worker] o.s.b.f.s.DefaultListableBeanFactory     : Autowiring by type from bean name 'org.springframework.boot.autoconfigure.orm.jpa.HibernateJpaConfiguration' via constructor to bean named 'dataSource'
2021-09-19 10:12:35.603 DEBUG 1438 --- [    Test worker] o.s.b.f.s.DefaultListableBeanFactory     : Autowiring by type from bean name 'org.springframework.boot.autoconfigure.orm.jpa.HibernateJpaConfiguration' via constructor to bean named 'spring.jpa-org.springframework.boot.autoconfigure.orm.jpa.JpaProperties'
2021-09-19 10:12:35.603 DEBUG 1438 --- [    Test worker] o.s.b.f.s.DefaultListableBeanFactory     : Autowiring by type from bean name 'org.springframework.boot.autoconfigure.orm.jpa.HibernateJpaConfiguration' via constructor to bean named 'org.springframework.beans.factory.support.DefaultListableBeanFactory@4d122b9c'
2021-09-19 10:12:35.603 DEBUG 1438 --- [    Test worker] o.s.b.f.s.DefaultListableBeanFactory     : Autowiring by type from bean name 'org.springframework.boot.autoconfigure.orm.jpa.HibernateJpaConfiguration' via constructor to bean named 'spring.jpa.hibernate-org.springframework.boot.autoconfigure.orm.jpa.HibernateProperties'
2021-09-19 10:12:35.604 DEBUG 1438 --- [    Test worker] o.s.b.f.s.DefaultListableBeanFactory     : Creating shared instance of singleton bean 'hikariPoolDataSourceMetadataProvider'
2021-09-19 10:12:35.604 DEBUG 1438 --- [    Test worker] o.s.b.f.s.DefaultListableBeanFactory     : Creating shared instance of singleton bean 'org.springframework.boot.autoconfigure.jdbc.metadata.DataSourcePoolMetadataProvidersConfiguration$HikariPoolDataSourceMetadataProviderConfiguration'
2021-09-19 10:12:35.611 DEBUG 1438 --- [    Test worker] o.s.b.f.s.DefaultListableBeanFactory     : Creating shared instance of singleton bean 'entityManagerFactoryBuilder'
2021-09-19 10:12:35.612 DEBUG 1438 --- [    Test worker] o.s.b.f.s.DefaultListableBeanFactory     : Creating shared instance of singleton bean 'jpaVendorAdapter'
2021-09-19 10:12:35.619 DEBUG 1438 --- [l-1 housekeeper] com.zaxxer.hikari.pool.HikariPool        : HikariPool-1 - Pool stats (total=1, active=0, idle=1, waiting=0)
2021-09-19 10:12:35.637  INFO 1438 --- [onnection adder] MySQL                                    : [QUERY] SET autocommit=1 [Created on: Sun Sep 19 10:12:35 KST 2021, duration: 0, connection-id: 12, statement-id: -1, resultset-id: 0,	at com.zaxxer.hikari.util.DriverDataSource.getConnection(DriverDataSource.java:138)]
[...]
2021-09-19 10:12:38.088 DEBUG 1438 --- [    Test worker] org.springframework.test.context.cache   : Spring test ApplicationContext cache statistics: [DefaultContextCache@ad59875 size = 1, maxSize = 32, parentContextCount = 0, hitCount = 8, missCount = 1]
2021-09-19 10:12:38.088 DEBUG 1438 --- [    Test worker] c.DefaultCacheAwareContextLoaderDelegate : Retrieved ApplicationContext [867513756] from cache with key [[WebMergedContextConfiguration@312515dc testClass = OrderInfoDtoServiceTest, locations = '{}', classes = '{class kr.co.test.contstraint.Application}', contextInitializerClasses = '[]', activeProfiles = '{test}', propertySourceLocations = '{}', propertySourceProperties = '{org.springframework.boot.test.context.SpringBootTestContextBootstrapper=true}', contextCustomizers = set[org.springframework.boot.test.autoconfigure.actuate.metrics.MetricsExportContextCustomizerFactory$DisableMetricExportContextCustomizer@2a8404af, org.springframework.boot.test.autoconfigure.properties.PropertyMappingContextCustomizer@0, org.springframework.boot.test.autoconfigure.web.servlet.WebDriverContextCustomizerFactory$Customizer@42d7fe72, org.springframework.boot.test.context.filter.ExcludeFilterContextCustomizer@7d6de834, org.springframework.boot.test.json.DuplicateJsonObjectContextCustomizerFactory$DuplicateJsonObjectContextCustomizer@40ea836f, org.springframework.boot.test.mock.mockito.MockitoContextCustomizer@0, org.springframework.boot.test.web.client.TestRestTemplateContextCustomizer@7a6bb168, org.springframework.boot.test.context.SpringBootTestArgs@1, org.springframework.boot.test.context.SpringBootTestWebEnvironment@5c596fb1], resourceBasePath = 'src/main/webapp', contextLoader = 'org.springframework.boot.test.context.SpringBootContextLoader', parent = [null]]]
2021-09-19 10:12:38.088 DEBUG 1438 --- [    Test worker] org.springframework.test.context.cache   : Spring test ApplicationContext cache statistics: [DefaultContextCache@ad59875 size = 1, maxSize = 32, parentContextCount = 0, hitCount = 9, missCount = 1]
2021-09-19 10:12:38.089 DEBUG 1438 --- [    Test worker] c.DefaultCacheAwareContextLoaderDelegate : Retrieved ApplicationContext [867513756] from cache with key [[WebMergedContextConfiguration@312515dc testClass = OrderInfoDtoServiceTest, locations = '{}', classes = '{class kr.co.test.contstraint.Application}', contextInitializerClasses = '[]', activeProfiles = '{test}', propertySourceLocations = '{}', propertySourceProperties = '{org.springframework.boot.test.context.SpringBootTestContextBootstrapper=true}', contextCustomizers = set[org.springframework.boot.test.autoconfigure.actuate.metrics.MetricsExportContextCustomizerFactory$DisableMetricExportContextCustomizer@2a8404af, org.springframework.boot.test.autoconfigure.properties.PropertyMappingContextCustomizer@0, org.springframework.boot.test.autoconfigure.web.servlet.WebDriverContextCustomizerFactory$Customizer@42d7fe72, org.springframework.boot.test.context.filter.ExcludeFilterContextCustomizer@7d6de834, org.springframework.boot.test.json.DuplicateJsonObjectContextCustomizerFactory$DuplicateJsonObjectContextCustomizer@40ea836f, org.springframework.boot.test.mock.mockito.MockitoContextCustomizer@0, org.springframework.boot.test.web.client.TestRestTemplateContextCustomizer@7a6bb168, org.springframework.boot.test.context.SpringBootTestArgs@1, org.springframework.boot.test.context.SpringBootTestWebEnvironment@5c596fb1], resourceBasePath = 'src/main/webapp', contextLoader = 'org.springframework.boot.test.context.SpringBootContextLoader', parent = [null]]]
2021-09-19 10:12:38.089 DEBUG 1438 --- [    Test worker] org.springframework.test.context.cache   : Spring test ApplicationContext cache statistics: [DefaultContextCache@ad59875 size = 1, maxSize = 32, parentContextCount = 0, hitCount = 10, missCount = 1]
2021-09-19 10:12:38.090 DEBUG 1438 --- [    Test worker] c.DefaultCacheAwareContextLoaderDelegate : Retrieved ApplicationContext [867513756] from cache with key [[WebMergedContextConfiguration@312515dc testClass = OrderInfoDtoServiceTest, locations = '{}', classes = '{class kr.co.test.contstraint.Application}', contextInitializerClasses = '[]', activeProfiles = '{test}', propertySourceLocations = '{}', propertySourceProperties = '{org.springframework.boot.test.context.SpringBootTestContextBootstrapper=true}', contextCustomizers = set[org.springframework.boot.test.autoconfigure.actuate.metrics.MetricsExportContextCustomizerFactory$DisableMetricExportContextCustomizer@2a8404af, org.springframework.boot.test.autoconfigure.properties.PropertyMappingContextCustomizer@0, org.springframework.boot.test.autoconfigure.web.servlet.WebDriverContextCustomizerFactory$Customizer@42d7fe72, org.springframework.boot.test.context.filter.ExcludeFilterContextCustomizer@7d6de834, org.springframework.boot.test.json.DuplicateJsonObjectContextCustomizerFactory$DuplicateJsonObjectContextCustomizer@40ea836f, org.springframework.boot.test.mock.mockito.MockitoContextCustomizer@0, org.springframework.boot.test.web.client.TestRestTemplateContextCustomizer@7a6bb168, org.springframework.boot.test.context.SpringBootTestArgs@1, org.springframework.boot.test.context.SpringBootTestWebEnvironment@5c596fb1], resourceBasePath = 'src/main/webapp', contextLoader = 'org.springframework.boot.test.context.SpringBootContextLoader', parent = [null]]]
2021-09-19 10:12:38.090 DEBUG 1438 --- [    Test worker] org.springframework.test.context.cache   : Spring test ApplicationContext cache statistics: [DefaultContextCache@ad59875 size = 1, maxSize = 32, parentContextCount = 0, hitCount = 11, missCount = 1]
2021-09-19 10:12:38.092 DEBUG 1438 --- [    Test worker] c.DefaultCacheAwareContextLoaderDelegate : Retrieved ApplicationContext [867513756] from cache with key [[WebMergedContextConfiguration@312515dc testClass = OrderInfoDtoServiceTest, locations = '{}', classes = '{class kr.co.test.contstraint.Application}', contextInitializerClasses = '[]', activeProfiles = '{test}', propertySourceLocations = '{}', propertySourceProperties = '{org.springframework.boot.test.context.SpringBootTestContextBootstrapper=true}', contextCustomizers = set[org.springframework.boot.test.autoconfigure.actuate.metrics.MetricsExportContextCustomizerFactory$DisableMetricExportContextCustomizer@2a8404af, org.springframework.boot.test.autoconfigure.properties.PropertyMappingContextCustomizer@0, org.springframework.boot.test.autoconfigure.web.servlet.WebDriverContextCustomizerFactory$Customizer@42d7fe72, org.springframework.boot.test.context.filter.ExcludeFilterContextCustomizer@7d6de834, org.springframework.boot.test.json.DuplicateJsonObjectContextCustomizerFactory$DuplicateJsonObjectContextCustomizer@40ea836f, org.springframework.boot.test.mock.mockito.MockitoContextCustomizer@0, org.springframework.boot.test.web.client.TestRestTemplateContextCustomizer@7a6bb168, org.springframework.boot.test.context.SpringBootTestArgs@1, org.springframework.boot.test.context.SpringBootTestWebEnvironment@5c596fb1], resourceBasePath = 'src/main/webapp', contextLoader = 'org.springframework.boot.test.context.SpringBootContextLoader', parent = [null]]]
2021-09-19 10:12:38.092 DEBUG 1438 --- [    Test worker] org.springframework.test.context.cache   : Spring test ApplicationContext cache statistics: [DefaultContextCache@ad59875 size = 1, maxSize = 32, parentContextCount = 0, hitCount = 12, missCount = 1]
2021-09-19 10:12:38.093 DEBUG 1438 --- [    Test worker] o.s.orm.jpa.JpaTransactionManager        : Initiating transaction rollback
2021-09-19 10:12:38.093 DEBUG 1438 --- [    Test worker] o.s.orm.jpa.JpaTransactionManager        : Rolling back JPA transaction on EntityManager [SessionImpl(81604788<open>)]
2021-09-19 10:12:38.093 DEBUG 1438 --- [    Test worker] o.h.e.t.internal.TransactionImpl         : rolling back
2021-09-19 10:12:38.093  INFO 1438 --- [    Test worker] MySQL                                    : [QUERY] rollback [Created on: Sun Sep 19 10:12:38 KST 2021, duration: 0, connection-id: 11, statement-id: -1, resultset-id: 0,	at com.zaxxer.hikari.pool.ProxyConnection.rollback(ProxyConnection.java:396)]
2021-09-19 10:12:38.094  INFO 1438 --- [    Test worker] MySQL                                    : [FETCH]  [Created on: Sun Sep 19 10:12:38 KST 2021, duration: 0, connection-id: 11, statement-id: -1, resultset-id: 0,	at com.zaxxer.hikari.pool.ProxyConnection.rollback(ProxyConnection.java:396)]
2021-09-19 10:12:38.094  INFO 1438 --- [    Test worker] MySQL                                    : [QUERY] SET autocommit=1 [Created on: Sun Sep 19 10:12:38 KST 2021, duration: 0, connection-id: 11, statement-id: -1, resultset-id: 0,	at com.zaxxer.hikari.pool.ProxyConnection.setAutoCommit(ProxyConnection.java:414)]
2021-09-19 10:12:38.095  INFO 1438 --- [    Test worker] MySQL                                    : [FETCH]  [Created on: Sun Sep 19 10:12:38 KST 2021, duration: 0, connection-id: 11, statement-id: -1, resultset-id: 0,	at com.zaxxer.hikari.pool.ProxyConnection.setAutoCommit(ProxyConnection.java:414)]
2021-09-19 10:12:38.096 DEBUG 1438 --- [    Test worker] o.s.orm.jpa.JpaTransactionManager        : Closing JPA EntityManager [SessionImpl(81604788<open>)] after transaction
2021-09-19 10:12:38.096  INFO 1438 --- [    Test worker] o.s.t.c.transaction.TransactionContext   : Rolled back transaction for test: [DefaultTestContext@252e3bb7 testClass = OrderInfoDtoServiceTest, testInstance = kr.co.test.contstraint.service.OrderInfoDtoServiceTest@624cf451, testMethod = test1@OrderInfoDtoServiceTest, testException = [null], mergedContextConfiguration = [WebMergedContextConfiguration@312515dc testClass = OrderInfoDtoServiceTest, locations = '{}', classes = '{class kr.co.test.contstraint.Application}', contextInitializerClasses = '[]', activeProfiles = '{test}', propertySourceLocations = '{}', propertySourceProperties = '{org.springframework.boot.test.context.SpringBootTestContextBootstrapper=true}', contextCustomizers = set[org.springframework.boot.test.autoconfigure.actuate.metrics.MetricsExportContextCustomizerFactory$DisableMetricExportContextCustomizer@2a8404af, org.springframework.boot.test.autoconfigure.properties.PropertyMappingContextCustomizer@0, org.springframework.boot.test.autoconfigure.web.servlet.WebDriverContextCustomizerFactory$Customizer@42d7fe72, org.springframework.boot.test.context.filter.ExcludeFilterContextCustomizer@7d6de834, org.springframework.boot.test.json.DuplicateJsonObjectContextCustomizerFactory$DuplicateJsonObjectContextCustomizer@40ea836f, org.springframework.boot.test.mock.mockito.MockitoContextCustomizer@0, org.springframework.boot.test.web.client.TestRestTemplateContextCustomizer@7a6bb168, org.springframework.boot.test.context.SpringBootTestArgs@1, org.springframework.boot.test.context.SpringBootTestWebEnvironment@5c596fb1], resourceBasePath = 'src/main/webapp', contextLoader = 'org.springframework.boot.test.context.SpringBootContextLoader', parent = [null]], attributes = map['org.springframework.test.context.web.ServletTestExecutionListener.activateListener' -> true, 'org.springframework.test.context.web.ServletTestExecutionListener.populatedRequestContextHolder' -> true, 'org.springframework.test.context.web.ServletTestExecutionListener.resetRequestContextHolder' -> true, 'org.springframework.test.context.event.ApplicationEventsTestExecutionListener.recordApplicationEvents' -> false]]
2021-09-19 10:12:38.097 DEBUG 1438 --- [    Test worker] tractDirtiesContextTestExecutionListener : After test method: context [DefaultTestContext@252e3bb7 testClass = OrderInfoDtoServiceTest, testInstance = kr.co.test.contstraint.service.OrderInfoDtoServiceTest@624cf451, testMethod = test1@OrderInfoDtoServiceTest, testException = [null], mergedContextConfiguration = [WebMergedContextConfiguration@312515dc testClass = OrderInfoDtoServiceTest, locations = '{}', classes = '{class kr.co.test.contstraint.Application}', contextInitializerClasses = '[]', activeProfiles = '{test}', propertySourceLocations = '{}', propertySourceProperties = '{org.springframework.boot.test.context.SpringBootTestContextBootstrapper=true}', contextCustomizers = set[org.springframework.boot.test.autoconfigure.actuate.metrics.MetricsExportContextCustomizerFactory$DisableMetricExportContextCustomizer@2a8404af, org.springframework.boot.test.autoconfigure.properties.PropertyMappingContextCustomizer@0, org.springframework.boot.test.autoconfigure.web.servlet.WebDriverContextCustomizerFactory$Customizer@42d7fe72, org.springframework.boot.test.context.filter.ExcludeFilterContextCustomizer@7d6de834, org.springframework.boot.test.json.DuplicateJsonObjectContextCustomizerFactory$DuplicateJsonObjectContextCustomizer@40ea836f, org.springframework.boot.test.mock.mockito.MockitoContextCustomizer@0, org.springframework.boot.test.web.client.TestRestTemplateContextCustomizer@7a6bb168, org.springframework.boot.test.context.SpringBootTestArgs@1, org.springframework.boot.test.context.SpringBootTestWebEnvironment@5c596fb1], resourceBasePath = 'src/main/webapp', contextLoader = 'org.springframework.boot.test.context.SpringBootContextLoader', parent = [null]], attributes = map['org.springframework.test.context.web.ServletTestExecutionListener.activateListener' -> true, 'org.springframework.test.context.web.ServletTestExecutionListener.populatedRequestContextHolder' -> true, 'org.springframework.test.context.web.ServletTestExecutionListener.resetRequestContextHolder' -> true, 'org.springframework.test.context.event.ApplicationEventsTestExecutionListener.recordApplicationEvents' -> false]], class annotated with @DirtiesContext [false] with mode [null], method annotated with @DirtiesContext [false] with mode [null].
2021-09-19 10:12:38.097 DEBUG 1438 --- [    Test worker] o.s.t.c.w.ServletTestExecutionListener   : Resetting RequestContextHolder for test context [DefaultTestContext@252e3bb7 testClass = OrderInfoDtoServiceTest, testInstance = kr.co.test.contstraint.service.OrderInfoDtoServiceTest@624cf451, testMethod = test1@OrderInfoDtoServiceTest, testException = [null], mergedContextConfiguration = [WebMergedContextConfiguration@312515dc testClass = OrderInfoDtoServiceTest, locations = '{}', classes = '{class kr.co.test.contstraint.Application}', contextInitializerClasses = '[]', activeProfiles = '{test}', propertySourceLocations = '{}', propertySourceProperties = '{org.springframework.boot.test.context.SpringBootTestContextBootstrapper=true}', contextCustomizers = set[org.springframework.boot.test.autoconfigure.actuate.metrics.MetricsExportContextCustomizerFactory$DisableMetricExportContextCustomizer@2a8404af, org.springframework.boot.test.autoconfigure.properties.PropertyMappingContextCustomizer@0, org.springframework.boot.test.autoconfigure.web.servlet.WebDriverContextCustomizerFactory$Customizer@42d7fe72, org.springframework.boot.test.context.filter.ExcludeFilterContextCustomizer@7d6de834, org.springframework.boot.test.json.DuplicateJsonObjectContextCustomizerFactory$DuplicateJsonObjectContextCustomizer@40ea836f, org.springframework.boot.test.mock.mockito.MockitoContextCustomizer@0, org.springframework.boot.test.web.client.TestRestTemplateContextCustomizer@7a6bb168, org.springframework.boot.test.context.SpringBootTestArgs@1, org.springframework.boot.test.context.SpringBootTestWebEnvironment@5c596fb1], resourceBasePath = 'src/main/webapp', contextLoader = 'org.springframework.boot.test.context.SpringBootContextLoader', parent = [null]], attributes = map['org.springframework.test.context.web.ServletTestExecutionListener.activateListener' -> true, 'org.springframework.test.context.web.ServletTestExecutionListener.populatedRequestContextHolder' -> true, 'org.springframework.test.context.web.ServletTestExecutionListener.resetRequestContextHolder' -> true, 'org.springframework.test.context.event.ApplicationEventsTestExecutionListener.recordApplicationEvents' -> false]].
2021-09-19 10:12:38.102 DEBUG 1438 --- [    Test worker] c.DefaultCacheAwareContextLoaderDelegate : Retrieved ApplicationContext [867513756] from cache with key [[WebMergedContextConfiguration@312515dc testClass = OrderInfoDtoServiceTest, locations = '{}', classes = '{class kr.co.test.contstraint.Application}', contextInitializerClasses = '[]', activeProfiles = '{test}', propertySourceLocations = '{}', propertySourceProperties = '{org.springframework.boot.test.context.SpringBootTestContextBootstrapper=true}', contextCustomizers = set[org.springframework.boot.test.autoconfigure.actuate.metrics.MetricsExportContextCustomizerFactory$DisableMetricExportContextCustomizer@2a8404af, org.springframework.boot.test.autoconfigure.properties.PropertyMappingContextCustomizer@0, org.springframework.boot.test.autoconfigure.web.servlet.WebDriverContextCustomizerFactory$Customizer@42d7fe72, org.springframework.boot.test.context.filter.ExcludeFilterContextCustomizer@7d6de834, org.springframework.boot.test.json.DuplicateJsonObjectContextCustomizerFactory$DuplicateJsonObjectContextCustomizer@40ea836f, org.springframework.boot.test.mock.mockito.MockitoContextCustomizer@0, org.springframework.boot.test.web.client.TestRestTemplateContextCustomizer@7a6bb168, org.springframework.boot.test.context.SpringBootTestArgs@1, org.springframework.boot.test.context.SpringBootTestWebEnvironment@5c596fb1], resourceBasePath = 'src/main/webapp', contextLoader = 'org.springframework.boot.test.context.SpringBootContextLoader', parent = [null]]]
2021-09-19 10:12:38.102 DEBUG 1438 --- [    Test worker] org.springframework.test.context.cache   : Spring test ApplicationContext cache statistics: [DefaultContextCache@ad59875 size = 1, maxSize = 32, parentContextCount = 0, hitCount = 13, missCount = 1]
2021-09-19 10:12:38.102 DEBUG 1438 --- [    Test worker] tractDirtiesContextTestExecutionListener : After test class: context [DefaultTestContext@252e3bb7 testClass = OrderInfoDtoServiceTest, testInstance = [null], testMethod = [null], testException = [null], mergedContextConfiguration = [WebMergedContextConfiguration@312515dc testClass = OrderInfoDtoServiceTest, locations = '{}', classes = '{class kr.co.test.contstraint.Application}', contextInitializerClasses = '[]', activeProfiles = '{test}', propertySourceLocations = '{}', propertySourceProperties = '{org.springframework.boot.test.context.SpringBootTestContextBootstrapper=true}', contextCustomizers = set[org.springframework.boot.test.autoconfigure.actuate.metrics.MetricsExportContextCustomizerFactory$DisableMetricExportContextCustomizer@2a8404af, org.springframework.boot.test.autoconfigure.properties.PropertyMappingContextCustomizer@0, org.springframework.boot.test.autoconfigure.web.servlet.WebDriverContextCustomizerFactory$Customizer@42d7fe72, org.springframework.boot.test.context.filter.ExcludeFilterContextCustomizer@7d6de834, org.springframework.boot.test.json.DuplicateJsonObjectContextCustomizerFactory$DuplicateJsonObjectContextCustomizer@40ea836f, org.springframework.boot.test.mock.mockito.MockitoContextCustomizer@0, org.springframework.boot.test.web.client.TestRestTemplateContextCustomizer@7a6bb168, org.springframework.boot.test.context.SpringBootTestArgs@1, org.springframework.boot.test.context.SpringBootTestWebEnvironment@5c596fb1], resourceBasePath = 'src/main/webapp', contextLoader = 'org.springframework.boot.test.context.SpringBootContextLoader', parent = [null]], attributes = map['org.springframework.test.context.web.ServletTestExecutionListener.activateListener' -> true, 'org.springframework.test.context.event.ApplicationEventsTestExecutionListener.recordApplicationEvents' -> false, 'org.springframework.test.context.support.DependencyInjectionTestExecutionListener.reinjectDependencies' -> true]], class annotated with @DirtiesContext [false] with mode [null].
]]></system-out>
  <system-err><![CDATA[]]></system-err>
</testsuite>
